2026-04-15 14:33:31 | INFO | P6 | === RUN START ===
2026-04-15 14:33:31 | INFO | P6 | project=CINTEL
2026-04-15 14:33:31 | INFO | P6 | repo_dir=cintel-06-continuous-intelligence
2026-04-15 14:33:31 | INFO | P6 | python=3.14.0
2026-04-15 14:33:31 | INFO | P6 | os=Windows 11
2026-04-15 14:33:31 | INFO | P6 | shell=powershell
2026-04-15 14:33:31 | INFO | P6 | cwd=.
2026-04-15 14:33:31 | INFO | P6 | github_actions=False
2026-04-15 14:33:31 | INFO | P6 | ========================
2026-04-15 14:33:31 | INFO | P6 | START main()
2026-04-15 14:33:31 | INFO | P6 | ========================
2026-04-15 14:33:31 | INFO | P6 | ROOT_DIR = .
2026-04-15 14:33:31 | INFO | P6 | DATA_FILE = data\system_metrics_case.csv
2026-04-15 14:33:31 | INFO | P6 | OUTPUT_FILE = artifacts\system_assessment_case.csv
2026-04-15 14:33:31 | INFO | P6 | ARTIFACTS_DIR = artifacts
2026-04-15 14:33:31 | INFO | P6 | STEP 1. Loaded 60 system records
2026-04-15 14:33:31 | INFO | P6 | STEP 2. Designing signals from raw metrics...
2026-04-15 14:33:31 | INFO | P6 | STEP 3. Checking for anomalies in system signals...
2026-04-15 14:33:31 | INFO | P6 | STEP 3. Using thresholds: MAX_ERROR_RATE=0.05, MAX_AVG_LATENCY=40.0
2026-04-15 14:33:31 | INFO | P6 | STEP 3. Anomalies detected: 7
2026-04-15 14:33:31 | INFO | P6 | STEP 4. Summarizing system state from monitored signals...
2026-04-15 14:33:31 | INFO | P6 | STEP 4. System assessment completed
2026-04-15 14:33:31 | INFO | P6 | STEP 5. Wrote system assessment file: C:\Repos\cintel-06-continuous-intelligence\artifacts\system_assessment_case.csv
2026-04-15 14:33:31 | INFO | P6 | ========================
2026-04-15 14:33:31 | INFO | P6 | Pipeline executed successfully!
2026-04-15 14:33:31 | INFO | P6 | ========================
2026-04-15 14:33:31 | INFO | P6 | END main()
2026-04-15 14:41:15 | INFO | P6 | === RUN START ===
2026-04-15 14:41:15 | INFO | P6 | project=CINTEL
2026-04-15 14:41:15 | INFO | P6 | repo_dir=cintel-06-continuous-intelligence
2026-04-15 14:41:15 | INFO | P6 | python=3.14.0
2026-04-15 14:41:15 | INFO | P6 | os=Windows 11
2026-04-15 14:41:15 | INFO | P6 | shell=powershell
2026-04-15 14:41:15 | INFO | P6 | cwd=.
2026-04-15 14:41:15 | INFO | P6 | github_actions=False
2026-04-15 14:41:15 | INFO | P6 | ========================
2026-04-15 14:41:15 | INFO | P6 | START main()
2026-04-15 14:41:15 | INFO | P6 | ========================
2026-04-15 14:41:15 | INFO | P6 | ROOT_DIR = .
2026-04-15 14:41:15 | INFO | P6 | DATA_FILE = data\system_metrics_case.csv
2026-04-15 14:41:15 | INFO | P6 | OUTPUT_FILE = artifacts\system_assessment_case.csv
2026-04-15 14:41:15 | INFO | P6 | ARTIFACTS_DIR = artifacts
2026-04-15 14:41:15 | INFO | P6 | STEP 1. Loaded 60 system records
2026-04-15 14:41:15 | INFO | P6 | STEP 2. Designing signals from raw metrics...
2026-04-15 14:41:15 | INFO | P6 | STEP 3. Checking for anomalies in system signals...
2026-04-15 14:41:15 | INFO | P6 | STEP 3. Using thresholds: MAX_ERROR_RATE=0.05, MAX_AVG_LATENCY=40.0
2026-04-15 14:41:15 | INFO | P6 | STEP 3. Anomalies detected: 7
2026-04-15 14:41:15 | INFO | P6 | STEP 4. Summarizing system state from monitored signals...
2026-04-15 14:41:15 | INFO | P6 | STEP 4. System assessment completed
2026-04-15 14:41:15 | INFO | P6 | STEP 5. Wrote system assessment file: C:\Repos\cintel-06-continuous-intelligence\artifacts\system_assessment_case.csv
2026-04-15 14:41:15 | INFO | P6 | ========================
2026-04-15 14:41:15 | INFO | P6 | Pipeline executed successfully!
2026-04-15 14:41:15 | INFO | P6 | ========================
2026-04-15 14:41:15 | INFO | P6 | END main()
2026-04-17 11:04:26 | INFO | P6 | === RUN START ===
2026-04-17 11:04:26 | INFO | P6 | project=CINTEL
2026-04-17 11:04:26 | INFO | P6 | repo_dir=cintel-06-continuous-intelligence
2026-04-17 11:04:26 | INFO | P6 | python=3.14.0
2026-04-17 11:04:26 | INFO | P6 | os=Windows 11
2026-04-17 11:04:26 | INFO | P6 | shell=powershell
2026-04-17 11:04:26 | INFO | P6 | cwd=.
2026-04-17 11:04:26 | INFO | P6 | github_actions=False
2026-04-17 11:04:26 | INFO | P6 | ========================
2026-04-17 11:04:26 | INFO | P6 | START main()
2026-04-17 11:04:26 | INFO | P6 | ========================
2026-04-17 11:04:26 | INFO | P6 | ROOT_DIR = .
2026-04-17 11:04:26 | INFO | P6 | DATA_FILE = data\system_metrics_case.csv
2026-04-17 11:04:26 | INFO | P6 | OUTPUT_FILE = artifacts\system_assessment_case.csv
2026-04-17 11:04:26 | INFO | P6 | ARTIFACTS_DIR = artifacts
2026-04-17 11:04:26 | INFO | P6 | STEP 1. Loaded 60 system records
2026-04-17 11:08:33 | INFO | P6 | === RUN START ===
2026-04-17 11:08:33 | INFO | P6 | project=CINTEL
2026-04-17 11:08:33 | INFO | P6 | repo_dir=cintel-06-continuous-intelligence
2026-04-17 11:08:33 | INFO | P6 | python=3.14.0
2026-04-17 11:08:33 | INFO | P6 | os=Windows 11
2026-04-17 11:08:33 | INFO | P6 | shell=powershell
2026-04-17 11:08:33 | INFO | P6 | cwd=.
2026-04-17 11:08:33 | INFO | P6 | github_actions=False
2026-04-17 11:08:33 | INFO | P6 | ========================
2026-04-17 11:08:33 | INFO | P6 | START main()
2026-04-17 11:08:33 | INFO | P6 | ========================
2026-04-17 11:08:33 | INFO | P6 | ROOT_DIR = .
2026-04-17 11:08:33 | INFO | P6 | DATA_FILE = data\system_metrics_case.csv
2026-04-17 11:08:33 | INFO | P6 | OUTPUT_FILE = artifacts\system_assessment_case.csv
2026-04-17 11:08:33 | INFO | P6 | ARTIFACTS_DIR = artifacts
2026-04-17 11:08:33 | INFO | P6 | STEP 1. Loaded 60 system records
2026-04-17 11:08:34 | INFO | P6 | STEP 2. Designing signals from raw metrics...
2026-04-17 11:08:34 | INFO | P6 | STEP 3. Checking for anomalies in system signals...
2026-04-17 11:08:34 | INFO | P6 | STEP 3. Using thresholds: MAX_ERROR_RATE=0.05, MAX_AVG_LATENCY=40.0
2026-04-17 11:08:34 | INFO | P6 | STEP 3. Anomalies detected: 7
2026-04-17 11:08:34 | INFO | P6 | STEP 4. Summarizing system state from monitored signals...
2026-04-17 11:08:34 | INFO | P6 | STEP 4. System assessment completed
2026-04-17 11:08:34 | INFO | P6 | STEP 5. Wrote system assessment file: C:\Repos\cintel-06-continuous-intelligence\artifacts\system_assessment_case.csv
2026-04-17 11:08:34 | INFO | P6 | ========================
2026-04-17 11:08:34 | INFO | P6 | Pipeline executed successfully!
2026-04-17 11:08:34 | INFO | P6 | ========================
2026-04-17 11:08:34 | INFO | P6 | END main()
2026-04-17 11:22:35 | INFO | P6 | === RUN START ===
2026-04-17 11:22:35 | INFO | P6 | project=CINTEL
2026-04-17 11:22:35 | INFO | P6 | repo_dir=cintel-06-continuous-intelligence
2026-04-17 11:22:35 | INFO | P6 | python=3.14.0
2026-04-17 11:22:35 | INFO | P6 | os=Windows 11
2026-04-17 11:22:35 | INFO | P6 | shell=powershell
2026-04-17 11:22:35 | INFO | P6 | cwd=.
2026-04-17 11:22:35 | INFO | P6 | github_actions=False
2026-04-17 11:22:35 | INFO | P6 | ========================
2026-04-17 11:22:35 | INFO | P6 | START main()
2026-04-17 11:22:35 | INFO | P6 | ========================
2026-04-17 11:22:35 | INFO | P6 | ROOT_DIR = .
2026-04-17 11:22:35 | INFO | P6 | DATA_FILE = data\system_metrics_case.csv
2026-04-17 11:22:35 | INFO | P6 | OUTPUT_FILE = artifacts\system_assessment_case.csv
2026-04-17 11:22:35 | INFO | P6 | ARTIFACTS_DIR = artifacts
2026-04-17 11:22:35 | INFO | P6 | STEP 1. Loaded 60 system records
2026-04-17 11:22:36 | INFO | P6 | STEP 2. Designing signals from raw metrics...
2026-04-17 11:22:36 | INFO | P6 | STEP 3. Checking for anomalies in system signals...
2026-04-17 11:22:36 | INFO | P6 | STEP 3. Using thresholds: MAX_ERROR_RATE=0.05, MAX_AVG_LATENCY=40.0
2026-04-17 11:22:36 | INFO | P6 | STEP 3. Anomalies detected: 7
2026-04-17 11:22:36 | INFO | P6 | STEP 4. Summarizing system state from monitored signals...
2026-04-17 11:22:36 | INFO | P6 | STEP 4. System assessment completed
2026-04-17 11:22:36 | INFO | P6 | STEP 5. Wrote system assessment file: C:\Repos\cintel-06-continuous-intelligence\artifacts\system_assessment_case.csv
2026-04-17 11:22:36 | INFO | P6 | ========================
2026-04-17 11:22:36 | INFO | P6 | Pipeline executed successfully!
2026-04-17 11:22:36 | INFO | P6 | ========================
2026-04-17 11:22:36 | INFO | P6 | END main()
2026-04-17 11:29:39 | INFO | P6 | === RUN START ===
2026-04-17 11:29:39 | INFO | P6 | project=CINTEL
2026-04-17 11:29:39 | INFO | P6 | repo_dir=cintel-06-continuous-intelligence
2026-04-17 11:29:39 | INFO | P6 | python=3.14.0
2026-04-17 11:29:39 | INFO | P6 | os=Windows 11
2026-04-17 11:29:39 | INFO | P6 | shell=powershell
2026-04-17 11:29:39 | INFO | P6 | cwd=.
2026-04-17 11:29:39 | INFO | P6 | github_actions=False
2026-04-17 11:29:39 | INFO | P6 | ========================
2026-04-17 11:29:39 | INFO | P6 | START main()
2026-04-17 11:29:39 | INFO | P6 | ========================
2026-04-17 11:29:39 | INFO | P6 | ROOT_DIR = .
2026-04-17 11:29:39 | INFO | P6 | DATA_FILE = data\system_metrics_case.csv
2026-04-17 11:29:39 | INFO | P6 | OUTPUT_FILE = artifacts\system_assessment_case.csv
2026-04-17 11:29:39 | INFO | P6 | ARTIFACTS_DIR = artifacts
2026-04-17 11:29:39 | INFO | P6 | STEP 1. Loaded 60 system records
2026-04-17 11:29:39 | INFO | P6 | STEP 2. Designing signals from raw metrics...
2026-04-17 11:29:39 | INFO | P6 | STEP 3. Checking for anomalies in system signals...
2026-04-17 11:29:39 | INFO | P6 | STEP 3. Using thresholds: MAX_ERROR_RATE=0.05, MAX_AVG_LATENCY=40.0
2026-04-17 11:29:39 | INFO | P6 | STEP 3. Anomalies detected: 7
2026-04-17 11:29:39 | INFO | P6 | STEP 4. Summarizing system state from monitored signals...
2026-04-17 11:29:39 | INFO | P6 | STEP 4. System assessment completed
2026-04-17 11:29:39 | INFO | P6 | STEP 5. Wrote system assessment file: C:\Repos\cintel-06-continuous-intelligence\artifacts\system_assessment_case.csv
2026-04-17 11:29:39 | INFO | P6 | ========================
2026-04-17 11:29:39 | INFO | P6 | Pipeline executed successfully!
2026-04-17 11:29:39 | INFO | P6 | ========================
2026-04-17 11:29:39 | INFO | P6 | END main()
2026-04-17 11:35:11 | INFO | P6 | === RUN START ===
2026-04-17 11:35:11 | INFO | P6 | project=CINTEL
2026-04-17 11:35:11 | INFO | P6 | repo_dir=cintel-06-continuous-intelligence
2026-04-17 11:35:11 | INFO | P6 | python=3.14.0
2026-04-17 11:35:11 | INFO | P6 | os=Windows 11
2026-04-17 11:35:11 | INFO | P6 | shell=powershell
2026-04-17 11:35:11 | INFO | P6 | cwd=.
2026-04-17 11:35:11 | INFO | P6 | github_actions=False
2026-04-17 11:35:11 | INFO | P6 | ========================
2026-04-17 11:35:11 | INFO | P6 | START main()
2026-04-17 11:35:11 | INFO | P6 | ========================
2026-04-17 11:35:11 | INFO | P6 | ROOT_DIR = .
2026-04-17 11:35:11 | INFO | P6 | DATA_FILE = data\system_metrics_case.csv
2026-04-17 11:35:11 | INFO | P6 | OUTPUT_FILE = artifacts\system_assessment_case.csv
2026-04-17 11:35:11 | INFO | P6 | ARTIFACTS_DIR = artifacts
2026-04-17 11:35:11 | INFO | P6 | STEP 1. Loaded 60 system records
2026-04-17 11:35:12 | INFO | P6 | STEP 2. Designing signals from raw metrics...
2026-04-17 11:35:13 | INFO | P6 | STEP 3. Checking for anomalies in system signals...
2026-04-17 11:35:13 | INFO | P6 | STEP 3. Using thresholds: MAX_ERROR_RATE=0.05, MAX_AVG_LATENCY=40.0
2026-04-17 11:35:13 | INFO | P6 | STEP 3. Anomalies detected: 7
2026-04-17 11:35:13 | INFO | P6 | STEP 4. Summarizing system state from monitored signals...
2026-04-17 11:35:13 | INFO | P6 | STEP 4. System assessment completed
2026-04-17 11:35:13 | INFO | P6 | STEP 5. Wrote system assessment file: C:\Repos\cintel-06-continuous-intelligence\artifacts\system_assessment_case.csv
2026-04-17 11:35:13 | INFO | P6 | ========================
2026-04-17 11:35:13 | INFO | P6 | Pipeline executed successfully!
2026-04-17 11:35:13 | INFO | P6 | ========================
2026-04-17 11:35:13 | INFO | P6 | END main()
2026-04-19 13:40:37 | INFO | P6 | === RUN START ===
2026-04-19 13:40:37 | INFO | P6 | project=CINTEL
2026-04-19 13:40:37 | INFO | P6 | repo_dir=cintel-06-continuous-intelligence
2026-04-19 13:40:37 | INFO | P6 | python=3.14.0
2026-04-19 13:40:37 | INFO | P6 | os=Windows 11
2026-04-19 13:40:37 | INFO | P6 | shell=powershell
2026-04-19 13:40:37 | INFO | P6 | cwd=.
2026-04-19 13:40:37 | INFO | P6 | github_actions=False
2026-04-19 13:40:37 | INFO | P6 | ========================
2026-04-19 13:40:37 | INFO | P6 | START main()
2026-04-19 13:40:37 | INFO | P6 | ========================
2026-04-19 13:40:37 | INFO | P6 | ROOT_DIR = .
2026-04-19 13:40:37 | INFO | P6 | DATA_FILE = data\system_metrics_case.csv
2026-04-19 13:40:37 | INFO | P6 | OUTPUT_FILE = artifacts\system_assessment_case.csv
2026-04-19 13:40:37 | INFO | P6 | ARTIFACTS_DIR = artifacts
2026-04-19 13:40:37 | INFO | P6 | STEP 1. Loaded 60 system records
2026-04-19 13:40:38 | INFO | P6 | STEP 2. Designing signals from raw metrics...
2026-04-19 13:40:38 | INFO | P6 | STEP 2. Signals designed and graphed
2026-04-19 13:40:38 | INFO | P6 | STEP 3. Checking for anomalies in system signals...
2026-04-19 13:40:38 | INFO | P6 | STEP 3. Using thresholds: MAX_ERROR_RATE=0.05, MAX_AVG_LATENCY=40.0
2026-04-19 13:40:38 | INFO | P6 | STEP 3. Anomalies detected: shape: (7, 5)
в”Ңв”Җв”Җв”Җв”Җв”Җв”Җв”Җв”Җв”Җв”Җв”¬в”Җв”Җв”Җв”Җв”Җв”Җв”Җв”Җв”¬в”Җв”Җв”Җв”Җв”Җв”Җв”Җв”Җв”Җв”Җв”Җв”Җв”Җв”Җв”Җв”Җв”Җв”Җв”¬в”Җв”Җв”Җв”Җв”Җв”Җв”Җв”Җв”Җв”Җв”Җв”Җв”¬в”Җв”Җв”Җв”Җв”Җв”Җв”Җв”Җв”Җв”Җв”Җв”Җв”Җв”Җв”Җв”Җв”җ
в”Ӯ requests в”Ҷ errors в”Ҷ total_latency_ms в”Ҷ error_rate в”Ҷ avg_latency_ms в”Ӯ
в”Ӯ ---      в”Ҷ ---    в”Ҷ ---              в”Ҷ ---        в”Ҷ ---            в”Ӯ
в”Ӯ i64      в”Ҷ i64    в”Ҷ i64              в”Ҷ f64        в”Ҷ f64            в”Ӯ
в•һв•җв•җв•җв•җв•җв•җв•җв•җв•җв•җв•Әв•җв•җв•җв•җв•җв•җв•җв•җв•Әв•җв•җв•җв•җв•җв•җв•җв•җв•җв•җв•җв•җв•җв•җв•җв•җв•җв•җв•Әв•җв•җв•җв•җв•җв•җв•җв•җв•җв•җв•җв•җв•Әв•җв•җв•җв•җв•җв•җв•җв•җв•җв•җв•җв•җв•җв•җв•җв•җв•Ў
в”Ӯ 195      в”Ҷ 9      в”Ҷ 8000             в”Ҷ 0.046154   в”Ҷ 41.025641      в”Ӯ
в”Ӯ 200      в”Ҷ 10     в”Ҷ 8500             в”Ҷ 0.05       в”Ҷ 42.5           в”Ӯ
в”Ӯ 205      в”Ҷ 11     в”Ҷ 9000             в”Ҷ 0.053659   в”Ҷ 43.902439      в”Ӯ
в”Ӯ 210      в”Ҷ 12     в”Ҷ 9600             в”Ҷ 0.057143   в”Ҷ 45.714286      в”Ӯ
в”Ӯ 205      в”Ҷ 10     в”Ҷ 9000             в”Ҷ 0.04878    в”Ҷ 43.902439      в”Ӯ
в”Ӯ 200      в”Ҷ 9      в”Ҷ 8500             в”Ҷ 0.045      в”Ҷ 42.5           в”Ӯ
в”Ӯ 195      в”Ҷ 8      в”Ҷ 8000             в”Ҷ 0.041026   в”Ҷ 41.025641      в”Ӯ
в””в”Җв”Җв”Җв”Җв”Җв”Җв”Җв”Җв”Җв”Җв”ҙв”Җв”Җв”Җв”Җв”Җв”Җв”Җв”Җв”ҙв”Җв”Җв”Җв”Җв”Җв”Җв”Җв”Җв”Җв”Җв”Җв”Җв”Җв”Җв”Җв”Җв”Җв”Җв”ҙв”Җв”Җв”Җв”Җв”Җв”Җв”Җв”Җв”Җв”Җв”Җв”Җв”ҙв”Җв”Җв”Җв”Җв”Җв”Җв”Җв”Җв”Җв”Җв”Җв”Җв”Җв”Җв”Җв”Җв”ҳ
2026-04-19 13:40:38 | INFO | P6 | STEP 4. Summarizing system state from monitored signals...
2026-04-19 13:40:38 | INFO | P6 | STEP 4. System assessment completed
2026-04-19 13:40:38 | INFO | P6 | STEP 5. Wrote system assessment file: C:\Repos\cintel-06-continuous-intelligence\artifacts\system_assessment_case.csv
2026-04-19 13:40:38 | INFO | P6 | ========================
2026-04-19 13:40:38 | INFO | P6 | Pipeline executed successfully!
2026-04-19 13:40:38 | INFO | P6 | ========================
2026-04-19 13:40:38 | INFO | P6 | END main()
2026-04-19 13:44:23 | INFO | P6 | === RUN START ===
2026-04-19 13:44:23 | INFO | P6 | project=CINTEL
2026-04-19 13:44:23 | INFO | P6 | repo_dir=cintel-06-continuous-intelligence
2026-04-19 13:44:23 | INFO | P6 | python=3.14.0
2026-04-19 13:44:23 | INFO | P6 | os=Windows 11
2026-04-19 13:44:23 | INFO | P6 | shell=powershell
2026-04-19 13:44:23 | INFO | P6 | cwd=.
2026-04-19 13:44:23 | INFO | P6 | github_actions=False
2026-04-19 13:44:23 | INFO | P6 | ========================
2026-04-19 13:44:23 | INFO | P6 | START main()
2026-04-19 13:44:23 | INFO | P6 | ========================
2026-04-19 13:44:23 | INFO | P6 | ROOT_DIR = .
2026-04-19 13:44:23 | INFO | P6 | DATA_FILE = data\system_metrics_case.csv
2026-04-19 13:44:23 | INFO | P6 | OUTPUT_FILE = artifacts\system_assessment_case.csv
2026-04-19 13:44:23 | INFO | P6 | ARTIFACTS_DIR = artifacts
2026-04-19 13:44:23 | INFO | P6 | STEP 1. Loaded 60 system records
2026-04-19 13:44:24 | INFO | P6 | STEP 2. Designing signals from raw metrics...
2026-04-19 13:44:24 | INFO | P6 | STEP 2. Signals designed and graphed
2026-04-19 13:44:24 | INFO | P6 | STEP 3. Checking for anomalies in system signals...
2026-04-19 13:44:24 | INFO | P6 | STEP 3. Using thresholds: MAX_ERROR_RATE=0.05, MAX_AVG_LATENCY=40.0
2026-04-19 13:44:24 | INFO | P6 | STEP 3. Anomalies detected: shape: (7, 5)
в”Ңв”Җв”Җв”Җв”Җв”Җв”Җв”Җв”Җв”Җв”Җв”¬в”Җв”Җв”Җв”Җв”Җв”Җв”Җв”Җв”¬в”Җв”Җв”Җв”Җв”Җв”Җв”Җв”Җв”Җв”Җв”Җв”Җв”Җв”Җв”Җв”Җв”Җв”Җв”¬в”Җв”Җв”Җв”Җв”Җв”Җв”Җв”Җв”Җв”Җв”Җв”Җв”¬в”Җв”Җв”Җв”Җв”Җв”Җв”Җв”Җв”Җв”Җв”Җв”Җв”Җв”Җв”Җв”Җв”җ
в”Ӯ requests в”Ҷ errors в”Ҷ total_latency_ms в”Ҷ error_rate в”Ҷ avg_latency_ms в”Ӯ
в”Ӯ ---      в”Ҷ ---    в”Ҷ ---              в”Ҷ ---        в”Ҷ ---            в”Ӯ
в”Ӯ i64      в”Ҷ i64    в”Ҷ i64              в”Ҷ f64        в”Ҷ f64            в”Ӯ
в•һв•җв•җв•җв•җв•җв•җв•җв•җв•җв•җв•Әв•җв•җв•җв•җв•җв•җв•җв•җв•Әв•җв•җв•җв•җв•җв•җв•җв•җв•җв•җв•җв•җв•җв•җв•җв•җв•җв•җв•Әв•җв•җв•җв•җв•җв•җв•җв•җв•җв•җв•җв•җв•Әв•җв•җв•җв•җв•җв•җв•җв•җв•җв•җв•җв•җв•җв•җв•җв•җв•Ў
в”Ӯ 195      в”Ҷ 9      в”Ҷ 8000             в”Ҷ 0.046154   в”Ҷ 41.025641      в”Ӯ
в”Ӯ 200      в”Ҷ 10     в”Ҷ 8500             в”Ҷ 0.05       в”Ҷ 42.5           в”Ӯ
в”Ӯ 205      в”Ҷ 11     в”Ҷ 9000             в”Ҷ 0.053659   в”Ҷ 43.902439      в”Ӯ
в”Ӯ 210      в”Ҷ 12     в”Ҷ 9600             в”Ҷ 0.057143   в”Ҷ 45.714286      в”Ӯ
в”Ӯ 205      в”Ҷ 10     в”Ҷ 9000             в”Ҷ 0.04878    в”Ҷ 43.902439      в”Ӯ
в”Ӯ 200      в”Ҷ 9      в”Ҷ 8500             в”Ҷ 0.045      в”Ҷ 42.5           в”Ӯ
в”Ӯ 195      в”Ҷ 8      в”Ҷ 8000             в”Ҷ 0.041026   в”Ҷ 41.025641      в”Ӯ
в””в”Җв”Җв”Җв”Җв”Җв”Җв”Җв”Җв”Җв”Җв”ҙв”Җв”Җв”Җв”Җв”Җв”Җв”Җв”Җв”ҙв”Җв”Җв”Җв”Җв”Җв”Җв”Җв”Җв”Җв”Җв”Җв”Җв”Җв”Җв”Җв”Җв”Җв”Җв”ҙв”Җв”Җв”Җв”Җв”Җв”Җв”Җв”Җв”Җв”Җв”Җв”Җв”ҙв”Җв”Җв”Җв”Җв”Җв”Җв”Җв”Җв”Җв”Җв”Җв”Җв”Җв”Җв”Җв”Җв”ҳ
2026-04-19 13:44:24 | INFO | P6 | STEP 4. Summarizing system state from monitored signals...
2026-04-19 13:47:55 | INFO | P6 | === RUN START ===
2026-04-19 13:47:55 | INFO | P6 | project=CINTEL
2026-04-19 13:47:55 | INFO | P6 | repo_dir=cintel-06-continuous-intelligence
2026-04-19 13:47:55 | INFO | P6 | python=3.14.0
2026-04-19 13:47:55 | INFO | P6 | os=Windows 11
2026-04-19 13:47:55 | INFO | P6 | shell=powershell
2026-04-19 13:47:55 | INFO | P6 | cwd=.
2026-04-19 13:47:55 | INFO | P6 | github_actions=False
2026-04-19 13:47:55 | INFO | P6 | ========================
2026-04-19 13:47:55 | INFO | P6 | START main()
2026-04-19 13:47:55 | INFO | P6 | ========================
2026-04-19 13:47:55 | INFO | P6 | ROOT_DIR = .
2026-04-19 13:47:55 | INFO | P6 | DATA_FILE = data\system_metrics_case.csv
2026-04-19 13:47:55 | INFO | P6 | OUTPUT_FILE = artifacts\system_assessment_case.csv
2026-04-19 13:47:55 | INFO | P6 | ARTIFACTS_DIR = artifacts
2026-04-19 13:47:55 | INFO | P6 | STEP 1. Loaded 60 system records
2026-04-19 13:47:56 | INFO | P6 | STEP 2. Designing signals from raw metrics...
2026-04-19 13:47:57 | INFO | P6 | STEP 2. Signals designed and graphed
2026-04-19 13:47:57 | INFO | P6 | STEP 3. Checking for anomalies in system signals...
2026-04-19 13:47:57 | INFO | P6 | STEP 3. Using thresholds: MAX_ERROR_RATE=0.05, MAX_AVG_LATENCY=40.0
2026-04-19 13:47:57 | INFO | P6 | STEP 3. Anomalies detected: shape: (7, 5)
в”Ңв”Җв”Җв”Җв”Җв”Җв”Җв”Җв”Җв”Җв”Җв”¬в”Җв”Җв”Җв”Җв”Җв”Җв”Җв”Җв”¬в”Җв”Җв”Җв”Җв”Җв”Җв”Җв”Җв”Җв”Җв”Җв”Җв”Җв”Җв”Җв”Җв”Җв”Җв”¬в”Җв”Җв”Җв”Җв”Җв”Җв”Җв”Җв”Җв”Җв”Җв”Җв”¬в”Җв”Җв”Җв”Җв”Җв”Җв”Җв”Җв”Җв”Җв”Җв”Җв”Җв”Җв”Җв”Җв”җ
в”Ӯ requests в”Ҷ errors в”Ҷ total_latency_ms в”Ҷ error_rate в”Ҷ avg_latency_ms в”Ӯ
в”Ӯ ---      в”Ҷ ---    в”Ҷ ---              в”Ҷ ---        в”Ҷ ---            в”Ӯ
в”Ӯ i64      в”Ҷ i64    в”Ҷ i64              в”Ҷ f64        в”Ҷ f64            в”Ӯ
в•һв•җв•җв•җв•җв•җв•җв•җв•җв•җв•җв•Әв•җв•җв•җв•җв•җв•җв•җв•җв•Әв•җв•җв•җв•җв•җв•җв•җв•җв•җв•җв•җв•җв•җв•җв•җв•җв•җв•җв•Әв•җв•җв•җв•җв•җв•җв•җв•җв•җв•җв•җв•җв•Әв•җв•җв•җв•җв•җв•җв•җв•җв•җв•җв•җв•җв•җв•җв•җв•җв•Ў
в”Ӯ 195      в”Ҷ 9      в”Ҷ 8000             в”Ҷ 0.046154   в”Ҷ 41.025641      в”Ӯ
в”Ӯ 200      в”Ҷ 10     в”Ҷ 8500             в”Ҷ 0.05       в”Ҷ 42.5           в”Ӯ
в”Ӯ 205      в”Ҷ 11     в”Ҷ 9000             в”Ҷ 0.053659   в”Ҷ 43.902439      в”Ӯ
в”Ӯ 210      в”Ҷ 12     в”Ҷ 9600             в”Ҷ 0.057143   в”Ҷ 45.714286      в”Ӯ
в”Ӯ 205      в”Ҷ 10     в”Ҷ 9000             в”Ҷ 0.04878    в”Ҷ 43.902439      в”Ӯ
в”Ӯ 200      в”Ҷ 9      в”Ҷ 8500             в”Ҷ 0.045      в”Ҷ 42.5           в”Ӯ
в”Ӯ 195      в”Ҷ 8      в”Ҷ 8000             в”Ҷ 0.041026   в”Ҷ 41.025641      в”Ӯ
в””в”Җв”Җв”Җв”Җв”Җв”Җв”Җв”Җв”Җв”Җв”ҙв”Җв”Җв”Җв”Җв”Җв”Җв”Җв”Җв”ҙв”Җв”Җв”Җв”Җв”Җв”Җв”Җв”Җв”Җв”Җв”Җв”Җв”Җв”Җв”Җв”Җв”Җв”Җв”ҙв”Җв”Җв”Җв”Җв”Җв”Җв”Җв”Җв”Җв”Җв”Җв”Җв”ҙв”Җв”Җв”Җв”Җв”Җв”Җв”Җв”Җв”Җв”Җв”Җв”Җв”Җв”Җв”Җв”Җв”ҳ
2026-04-19 13:47:57 | INFO | P6 | STEP 4. Summarizing system state from monitored signals...
2026-04-19 13:47:57 | INFO | P6 | STEP 4. System summary:
shape: (1, 6)
в”Ңв”Җв”Җв”Җв”Җв”Җв”Җв”Җв”Җв”Җв”Җв”Җв”Җв”Җв”Җв”¬в”Җв”Җв”Җв”Җв”Җв”Җв”Җв”Җв”Җв”Җв”Җв”Җв”¬в”Җв”Җв”Җв”Җв”Җв”Җв”Җв”Җв”Җв”Җв”Җв”Җв”Җв”Җв”Җв”Җв”¬в”Җв”Җв”Җв”Җв”Җв”Җв”Җв”Җв”Җв”Җв”Җв”Җв”Җв”Җв”Җв”Җв”¬в”Җв”Җв”Җв”Җв”Җв”Җв”Җв”Җв”Җв”Җв”Җв”Җв”Җв”Җв”¬в”Җв”Җв”Җв”Җв”Җв”Җв”Җв”Җв”Җв”Җв”Җв”Җв”Җв”Җв”Җв”Җв”Җв”Җв”Җв”Җв”җ
в”Ӯ avg_requests в”Ҷ avg_errors в”Ҷ avg_error_rate в”Ҷ avg_latency_ms в”Ҷ system_state в”Ҷ degradation_reason в”Ӯ
в”Ӯ ---          в”Ҷ ---        в”Ҷ ---            в”Ҷ ---            в”Ҷ ---          в”Ҷ ---                в”Ӯ
в”Ӯ f64          в”Ҷ f64        в”Ҷ f64            в”Ҷ f64            в”Ҷ str          в”Ҷ str                в”Ӯ
в•һв•җв•җв•җв•җв•җв•җв•җв•җв•җв•җв•җв•җв•җв•җв•Әв•җв•җв•җв•җв•җв•җв•җв•җв•җв•җв•җв•җв•Әв•җв•җв•җв•җв•җв•җв•җв•җв•җв•җв•җв•җв•җв•җв•җв•җв•Әв•җв•җв•җв•җв•җв•җв•җв•җв•җв•җв•җв•җв•җв•җв•җв•җв•Әв•җв•җв•җв•җв•җв•җв•җв•җв•җв•җв•җв•җв•җв•җв•Әв•җв•җв•җв•җв•җв•җв•җв•җв•җв•җв•җв•җв•җв•җв•җв•җв•җв•җв•җв•җв•Ў
в”Ӯ 157.35       в”Ҷ 4.433333   в”Ҷ 0.026486       в”Ҷ 33.711554      в”Ҷ STABLE       в”Ҷ NONE               в”Ӯ
в””в”Җв”Җв”Җв”Җв”Җв”Җв”Җв”Җв”Җв”Җв”Җв”Җв”Җв”Җв”ҙв”Җв”Җв”Җв”Җв”Җв”Җв”Җв”Җв”Җв”Җв”Җв”Җв”ҙв”Җв”Җв”Җв”Җв”Җв”Җв”Җв”Җв”Җв”Җв”Җв”Җв”Җв”Җв”Җв”Җв”ҙв”Җв”Җв”Җв”Җв”Җв”Җв”Җв”Җв”Җв”Җв”Җв”Җв”Җв”Җв”Җв”Җв”ҙв”Җв”Җв”Җв”Җв”Җв”Җв”Җв”Җв”Җв”Җв”Җв”Җв”Җв”Җв”ҙв”Җв”Җв”Җв”Җв”Җв”Җв”Җв”Җв”Җв”Җв”Җв”Җв”Җв”Җв”Җв”Җв”Җв”Җв”Җв”Җв”ҳ
2026-04-19 13:47:57 | INFO | P6 | STEP 4. System assessment completed
2026-04-19 13:47:57 | INFO | P6 | STEP 5. Wrote system assessment file: C:\Repos\cintel-06-continuous-intelligence\artifacts\system_assessment_case.csv
2026-04-19 13:47:57 | INFO | P6 | ========================
2026-04-19 13:47:57 | INFO | P6 | Pipeline executed successfully!
2026-04-19 13:47:57 | INFO | P6 | ========================
2026-04-19 13:47:57 | INFO | P6 | END main()
2026-04-19 13:49:38 | INFO | P6 | === RUN START ===
2026-04-19 13:49:38 | INFO | P6 | project=CINTEL
2026-04-19 13:49:38 | INFO | P6 | repo_dir=cintel-06-continuous-intelligence
2026-04-19 13:49:38 | INFO | P6 | python=3.14.0
2026-04-19 13:49:38 | INFO | P6 | os=Windows 11
2026-04-19 13:49:38 | INFO | P6 | shell=powershell
2026-04-19 13:49:38 | INFO | P6 | cwd=.
2026-04-19 13:49:38 | INFO | P6 | github_actions=False
2026-04-19 13:49:38 | INFO | P6 | ========================
2026-04-19 13:49:38 | INFO | P6 | START main()
2026-04-19 13:49:38 | INFO | P6 | ========================
2026-04-19 13:49:38 | INFO | P6 | ROOT_DIR = .
2026-04-19 13:49:38 | INFO | P6 | DATA_FILE = data\system_metrics_case.csv
2026-04-19 13:49:38 | INFO | P6 | OUTPUT_FILE = artifacts\system_assessment_case.csv
2026-04-19 13:49:38 | INFO | P6 | ARTIFACTS_DIR = artifacts
2026-04-19 13:49:38 | INFO | P6 | STEP 1. Loaded 60 system records
2026-04-19 13:49:39 | INFO | P6 | STEP 2. Designing signals from raw metrics...
2026-04-19 13:49:40 | INFO | P6 | STEP 2. Signals designed and graphed
2026-04-19 13:49:40 | INFO | P6 | STEP 3. Checking for anomalies in system signals...
2026-04-19 13:49:40 | INFO | P6 | STEP 3. Using thresholds: MAX_ERROR_RATE=0.05, MAX_AVG_LATENCY=40.0
2026-04-19 13:49:40 | INFO | P6 | STEP 3. Anomalies detected: shape: (7, 5)
в”Ңв”Җв”Җв”Җв”Җв”Җв”Җв”Җв”Җв”Җв”Җв”¬в”Җв”Җв”Җв”Җв”Җв”Җв”Җв”Җв”¬в”Җв”Җв”Җв”Җв”Җв”Җв”Җв”Җв”Җв”Җв”Җв”Җв”Җв”Җв”Җв”Җв”Җв”Җв”¬в”Җв”Җв”Җв”Җв”Җв”Җв”Җв”Җв”Җв”Җв”Җв”Җв”¬в”Җв”Җв”Җв”Җв”Җв”Җв”Җв”Җв”Җв”Җв”Җв”Җв”Җв”Җв”Җв”Җв”җ
в”Ӯ requests в”Ҷ errors в”Ҷ total_latency_ms в”Ҷ error_rate в”Ҷ avg_latency_ms в”Ӯ
в”Ӯ ---      в”Ҷ ---    в”Ҷ ---              в”Ҷ ---        в”Ҷ ---            в”Ӯ
в”Ӯ i64      в”Ҷ i64    в”Ҷ i64              в”Ҷ f64        в”Ҷ f64            в”Ӯ
в•һв•җв•җв•җв•җв•җв•җв•җв•җв•җв•җв•Әв•җв•җв•җв•җв•җв•җв•җв•җв•Әв•җв•җв•җв•җв•җв•җв•җв•җв•җв•җв•җв•җв•җв•җв•җв•җв•җв•җв•Әв•җв•җв•җв•җв•җв•җв•җв•җв•җв•җв•җв•җв•Әв•җв•җв•җв•җв•җв•җв•җв•җв•җв•җв•җв•җв•җв•җв•җв•җв•Ў
в”Ӯ 195      в”Ҷ 9      в”Ҷ 8000             в”Ҷ 0.046154   в”Ҷ 41.025641      в”Ӯ
в”Ӯ 200      в”Ҷ 10     в”Ҷ 8500             в”Ҷ 0.05       в”Ҷ 42.5           в”Ӯ
в”Ӯ 205      в”Ҷ 11     в”Ҷ 9000             в”Ҷ 0.053659   в”Ҷ 43.902439      в”Ӯ
в”Ӯ 210      в”Ҷ 12     в”Ҷ 9600             в”Ҷ 0.057143   в”Ҷ 45.714286      в”Ӯ
в”Ӯ 205      в”Ҷ 10     в”Ҷ 9000             в”Ҷ 0.04878    в”Ҷ 43.902439      в”Ӯ
в”Ӯ 200      в”Ҷ 9      в”Ҷ 8500             в”Ҷ 0.045      в”Ҷ 42.5           в”Ӯ
в”Ӯ 195      в”Ҷ 8      в”Ҷ 8000             в”Ҷ 0.041026   в”Ҷ 41.025641      в”Ӯ
в””в”Җв”Җв”Җв”Җв”Җв”Җв”Җв”Җв”Җв”Җв”ҙв”Җв”Җв”Җв”Җв”Җв”Җв”Җв”Җв”ҙв”Җв”Җв”Җв”Җв”Җв”Җв”Җв”Җв”Җв”Җв”Җв”Җв”Җв”Җв”Җв”Җв”Җв”Җв”ҙв”Җв”Җв”Җв”Җв”Җв”Җв”Җв”Җв”Җв”Җв”Җв”Җв”ҙв”Җв”Җв”Җв”Җв”Җв”Җв”Җв”Җв”Җв”Җв”Җв”Җв”Җв”Җв”Җв”Җв”ҳ
2026-04-19 13:49:40 | INFO | P6 | STEP 4. Summarizing system state from monitored signals...
2026-04-19 13:49:40 | INFO | P6 | STEP 4. System summary:
shape: (1, 5)
в”Ңв”Җв”Җв”Җв”Җв”Җв”Җв”Җв”Җв”Җв”Җв”Җв”Җв”Җв”Җв”¬в”Җв”Җв”Җв”Җв”Җв”Җв”Җв”Җв”Җв”Җв”Җв”Җв”¬в”Җв”Җв”Җв”Җв”Җв”Җв”Җв”Җв”Җв”Җв”Җв”Җв”Җв”Җв”Җв”Җв”¬в”Җв”Җв”Җв”Җв”Җв”Җв”Җв”Җв”Җв”Җв”Җв”Җв”Җв”Җв”Җв”Җв”¬в”Җв”Җв”Җв”Җв”Җв”Җв”Җв”Җв”Җв”Җв”Җв”Җв”Җв”Җв”Җв”Җв”Җв”Җв”Җв”Җв”җ
в”Ӯ avg_requests в”Ҷ avg_errors в”Ҷ avg_error_rate в”Ҷ avg_latency_ms в”Ҷ degradation_reason в”Ӯ
в”Ӯ ---          в”Ҷ ---        в”Ҷ ---            в”Ҷ ---            в”Ҷ ---                в”Ӯ
в”Ӯ f64          в”Ҷ f64        в”Ҷ f64            в”Ҷ f64            в”Ҷ str                в”Ӯ
в•һв•җв•җв•җв•җв•җв•җв•җв•җв•җв•җв•җв•җв•җв•җв•Әв•җв•җв•җв•җв•җв•җв•җв•җв•җв•җв•җв•җв•Әв•җв•җв•җв•җв•җв•җв•җв•җв•җв•җв•җв•җв•җв•җв•җв•җв•Әв•җв•җв•җв•җв•җв•җв•җв•җв•җв•җв•җв•җв•җв•җв•җв•җв•Әв•җв•җв•җв•җв•җв•җв•җв•җв•җв•җв•җв•җв•җв•җв•җв•җв•җв•җв•җв•җв•Ў
в”Ӯ 157.35       в”Ҷ 4.433333   в”Ҷ 0.026486       в”Ҷ 33.711554      в”Ҷ NONE               в”Ӯ
в””в”Җв”Җв”Җв”Җв”Җв”Җв”Җв”Җв”Җв”Җв”Җв”Җв”Җв”Җв”ҙв”Җв”Җв”Җв”Җв”Җв”Җв”Җв”Җв”Җв”Җв”Җв”Җв”ҙв”Җв”Җв”Җв”Җв”Җв”Җв”Җв”Җв”Җв”Җв”Җв”Җв”Җв”Җв”Җв”Җв”ҙв”Җв”Җв”Җв”Җв”Җв”Җв”Җв”Җв”Җв”Җв”Җв”Җв”Җв”Җв”Җв”Җв”ҙв”Җв”Җв”Җв”Җв”Җв”Җв”Җв”Җв”Җв”Җв”Җв”Җв”Җв”Җв”Җв”Җв”Җв”Җв”Җв”Җв”ҳ
2026-04-19 13:49:40 | INFO | P6 | STEP 4. System assessment completed
2026-04-19 13:49:40 | INFO | P6 | STEP 5. Wrote system assessment file: C:\Repos\cintel-06-continuous-intelligence\artifacts\system_assessment_case.csv
2026-04-19 13:49:40 | INFO | P6 | ========================
2026-04-19 13:49:40 | INFO | P6 | Pipeline executed successfully!
2026-04-19 13:49:40 | INFO | P6 | ========================
2026-04-19 13:49:40 | INFO | P6 | END main()
2026-04-19 14:02:15 | INFO | P6 | === RUN START ===
2026-04-19 14:02:15 | INFO | P6 | project=CINTEL
2026-04-19 14:02:15 | INFO | P6 | repo_dir=cintel-06-continuous-intelligence
2026-04-19 14:02:15 | INFO | P6 | python=3.14.0
2026-04-19 14:02:15 | INFO | P6 | os=Windows 11
2026-04-19 14:02:15 | INFO | P6 | shell=powershell
2026-04-19 14:02:15 | INFO | P6 | cwd=.
2026-04-19 14:02:15 | INFO | P6 | github_actions=False
2026-04-19 14:02:15 | INFO | P6 | ========================
2026-04-19 14:02:15 | INFO | P6 | START main()
2026-04-19 14:02:15 | INFO | P6 | ========================
2026-04-19 14:02:15 | INFO | P6 | ROOT_DIR = .
2026-04-19 14:02:15 | INFO | P6 | DATA_FILE = data\system_metrics_case.csv
2026-04-19 14:02:15 | INFO | P6 | OUTPUT_FILE = artifacts\system_assessment_case.csv
2026-04-19 14:02:15 | INFO | P6 | ARTIFACTS_DIR = artifacts
2026-04-19 14:02:15 | INFO | P6 | STEP 1. Loaded 60 system records
2026-04-19 14:02:15 | INFO | P6 | STEP 2. Designing signals from raw metrics...
2026-04-19 14:05:07 | INFO | P6 | === RUN START ===
2026-04-19 14:05:07 | INFO | P6 | project=CINTEL
2026-04-19 14:05:07 | INFO | P6 | repo_dir=cintel-06-continuous-intelligence
2026-04-19 14:05:07 | INFO | P6 | python=3.14.0
2026-04-19 14:05:07 | INFO | P6 | os=Windows 11
2026-04-19 14:05:07 | INFO | P6 | shell=powershell
2026-04-19 14:05:07 | INFO | P6 | cwd=.
2026-04-19 14:05:07 | INFO | P6 | github_actions=False
2026-04-19 14:05:07 | INFO | P6 | ========================
2026-04-19 14:05:07 | INFO | P6 | START main()
2026-04-19 14:05:07 | INFO | P6 | ========================
2026-04-19 14:05:07 | INFO | P6 | ROOT_DIR = .
2026-04-19 14:05:07 | INFO | P6 | DATA_FILE = data\system_metrics_case.csv
2026-04-19 14:05:07 | INFO | P6 | OUTPUT_FILE = artifacts\system_assessment_case.csv
2026-04-19 14:05:07 | INFO | P6 | ARTIFACTS_DIR = artifacts
2026-04-19 14:05:07 | INFO | P6 | STEP 1. Loaded 60 system records
2026-04-19 14:05:08 | INFO | P6 | STEP 2. Designing signals from raw metrics...
2026-04-19 14:06:14 | INFO | P6 | === RUN START ===
2026-04-19 14:06:14 | INFO | P6 | project=CINTEL
2026-04-19 14:06:14 | INFO | P6 | repo_dir=cintel-06-continuous-intelligence
2026-04-19 14:06:14 | INFO | P6 | python=3.14.0
2026-04-19 14:06:14 | INFO | P6 | os=Windows 11
2026-04-19 14:06:14 | INFO | P6 | shell=powershell
2026-04-19 14:06:14 | INFO | P6 | cwd=.
2026-04-19 14:06:14 | INFO | P6 | github_actions=False
2026-04-19 14:06:14 | INFO | P6 | ========================
2026-04-19 14:06:14 | INFO | P6 | START main()
2026-04-19 14:06:14 | INFO | P6 | ========================
2026-04-19 14:06:14 | INFO | P6 | ROOT_DIR = .
2026-04-19 14:06:14 | INFO | P6 | DATA_FILE = data\system_metrics_case.csv
2026-04-19 14:06:14 | INFO | P6 | OUTPUT_FILE = artifacts\system_assessment_case.csv
2026-04-19 14:06:14 | INFO | P6 | ARTIFACTS_DIR = artifacts
2026-04-19 14:06:14 | INFO | P6 | STEP 1. Loaded 60 system records
2026-04-19 14:06:14 | INFO | P6 | STEP 2. Designing signals from raw metrics...
2026-04-19 14:06:30 | INFO | P6 | === RUN START ===
2026-04-19 14:06:30 | INFO | P6 | project=CINTEL
2026-04-19 14:06:30 | INFO | P6 | repo_dir=cintel-06-continuous-intelligence
2026-04-19 14:06:30 | INFO | P6 | python=3.14.0
2026-04-19 14:06:30 | INFO | P6 | os=Windows 11
2026-04-19 14:06:30 | INFO | P6 | shell=powershell
2026-04-19 14:06:30 | INFO | P6 | cwd=.
2026-04-19 14:06:30 | INFO | P6 | github_actions=False
2026-04-19 14:06:30 | INFO | P6 | ========================
2026-04-19 14:06:30 | INFO | P6 | START main()
2026-04-19 14:06:30 | INFO | P6 | ========================
2026-04-19 14:06:30 | INFO | P6 | ROOT_DIR = .
2026-04-19 14:06:30 | INFO | P6 | DATA_FILE = data\system_metrics_case.csv
2026-04-19 14:06:30 | INFO | P6 | OUTPUT_FILE = artifacts\system_assessment_case.csv
2026-04-19 14:06:30 | INFO | P6 | ARTIFACTS_DIR = artifacts
2026-04-19 14:06:30 | INFO | P6 | STEP 1. Loaded 60 system records
2026-04-19 14:06:31 | INFO | P6 | STEP 2. Designing signals from raw metrics...
2026-04-19 14:07:04 | INFO | P6 | === RUN START ===
2026-04-19 14:07:04 | INFO | P6 | project=CINTEL
2026-04-19 14:07:04 | INFO | P6 | repo_dir=cintel-06-continuous-intelligence
2026-04-19 14:07:04 | INFO | P6 | python=3.14.0
2026-04-19 14:07:04 | INFO | P6 | os=Windows 11
2026-04-19 14:07:04 | INFO | P6 | shell=powershell
2026-04-19 14:07:04 | INFO | P6 | cwd=.
2026-04-19 14:07:04 | INFO | P6 | github_actions=False
2026-04-19 14:07:04 | INFO | P6 | ========================
2026-04-19 14:07:04 | INFO | P6 | START main()
2026-04-19 14:07:04 | INFO | P6 | ========================
2026-04-19 14:07:04 | INFO | P6 | ROOT_DIR = .
2026-04-19 14:07:04 | INFO | P6 | DATA_FILE = data\system_metrics_case.csv
2026-04-19 14:07:04 | INFO | P6 | OUTPUT_FILE = artifacts\system_assessment_case.csv
2026-04-19 14:07:04 | INFO | P6 | ARTIFACTS_DIR = artifacts
2026-04-19 14:07:04 | INFO | P6 | STEP 1. Loaded 60 system records
2026-04-19 14:07:05 | INFO | P6 | STEP 2. Designing signals from raw metrics...
2026-04-19 14:07:06 | INFO | P6 | STEP 2. Signals designed and graphed
2026-04-19 14:07:06 | INFO | P6 | STEP 3. Checking for anomalies in system signals...
2026-04-19 14:07:06 | INFO | P6 | STEP 3. Using thresholds: MAX_ERROR_RATE=0.05, MAX_AVG_LATENCY=40.0
2026-04-19 14:07:06 | INFO | P6 | STEP 3. Anomalies detected: shape: (7, 11)
в”Ңв”Җв”Җв”Җв”Җв”Җв”Җв”Җв”Җв”Җв”Җв”¬в”Җв”Җв”Җв”Җв”Җв”Җв”Җв”Җв”¬в”Җв”Җв”Җв”Җв”Җв”Җв”Җв”Җв”Җв”Җв”Җв”Җв”Җв”Җв”Җв”Җв”Җв”Җв”¬в”Җв”Җв”Җв”Җв”Җв”Җв”Җв”Җв”Җв”Җв”Җв”Җв”¬в”Җв”Җв”Җв”¬в”Җв”Җв”Җв”Җв”Җв”Җв”Җв”Җв”Җв”Җв”Җв”Җв”Җв”Җв”Җв”Җв”Җв”Җв”¬в”Җв”Җв”Җв”Җв”Җв”Җв”Җв”Җв”Җв”Җв”Җв”Җв”Җв”Җв”Җв”Җв”Җв”¬в”Җв”Җв”Җв”Җв”Җв”Җв”Җв”Җв”Җв”Җв”Җв”Җв”Җв”Җв”Җв”Җв”Җв”¬в”Җв”Җв”Җв”Җв”Җв”Җв”Җв”Җв”Җв”Җв”Җв”Җв”Җв”Җв”Җв”Җв”җ
в”Ӯ requests в”Ҷ errors в”Ҷ total_latency_ms в”Ҷ error_rate в”Ҷ вҖҰ в”Ҷ error_rate_roll_ в”Ҷ latency_roll_me в”Ҷ error_rate_zsco в”Ҷ latency_zscore в”Ӯ
в”Ӯ ---      в”Ҷ ---    в”Ҷ ---              в”Ҷ ---        в”Ҷ   в”Ҷ mean             в”Ҷ an              в”Ҷ re              в”Ҷ ---            в”Ӯ
в”Ӯ i64      в”Ҷ i64    в”Ҷ i64              в”Ҷ f64        в”Ҷ   в”Ҷ ---              в”Ҷ ---             в”Ҷ ---             в”Ҷ f64            в”Ӯ
в”Ӯ          в”Ҷ        в”Ҷ                  в”Ҷ            в”Ҷ   в”Ҷ f64              в”Ҷ f64             в”Ҷ f64             в”Ҷ                в”Ӯ
в•һв•җв•җв•җв•җв•җв•җв•җв•җв•җв•җв•Әв•җв•җв•җв•җв•җв•җв•җв•җв•Әв•җв•җв•җв•җв•җв•җв•җв•җв•җв•җв•җв•җв•җв•җв•җв•җв•җв•җв•Әв•җв•җв•җв•җв•җв•җв•җв•җв•җв•җв•җв•җв•Әв•җв•җв•җв•Әв•җв•җв•җв•җв•җв•җв•җв•җв•җв•җв•җв•җв•җв•җв•җв•җв•җв•җв•Әв•җв•җв•җв•җв•җв•җв•җв•җв•җв•җв•җв•җв•җв•җв•җв•җв•җв•Әв•җв•җв•җв•җв•җв•җв•җв•җв•җв•җв•җв•җв•җв•җв•җв•җв•җв•Әв•җв•җв•җв•җв•җв•җв•җв•җв•җв•җв•җв•җв•җв•җв•җв•җв•Ў
в”Ӯ 195      в”Ҷ 9      в”Ҷ 8000             в”Ҷ 0.046154   в”Ҷ вҖҰ в”Ҷ 0.041422         в”Ҷ 39.011181       в”Ҷ 1.399094        в”Ҷ 1.330964       в”Ӯ
в”Ӯ 200      в”Ҷ 10     в”Ҷ 8500             в”Ҷ 0.05       в”Ҷ вҖҰ в”Ҷ 0.04373          в”Ҷ 40.038653       в”Ҷ 1.368789        в”Ҷ 1.347858       в”Ӯ
в”Ӯ 205      в”Ҷ 11     в”Ҷ 9000             в”Ҷ 0.053659   в”Ҷ вҖҰ в”Ҷ 0.046894         в”Ҷ 41.251573       в”Ҷ 1.368505        в”Ҷ 1.322617       в”Ӯ
в”Ӯ 210      в”Ҷ 12     в”Ҷ 9600             в”Ҷ 0.057143   в”Ҷ вҖҰ в”Ҷ 0.049812         в”Ҷ 42.628473       в”Ҷ 1.233199        в”Ҷ 1.358464       в”Ӯ
в”Ӯ 205      в”Ҷ 10     в”Ҷ 9000             в”Ҷ 0.04878    в”Ҷ вҖҰ в”Ҷ 0.051147         в”Ҷ 43.408961       в”Ҷ -0.549844       в”Ҷ 0.281322       в”Ӯ
в”Ӯ 200      в”Ҷ 9      в”Ҷ 8500             в”Ҷ 0.045      в”Ҷ вҖҰ в”Ҷ 0.050916         в”Ҷ 43.703833       в”Ҷ -1.270843       в”Ҷ -0.908764      в”Ӯ
в”Ӯ 195      в”Ҷ 8      в”Ҷ 8000             в”Ҷ 0.041026   в”Ҷ вҖҰ в”Ҷ 0.049122         в”Ҷ 43.408961       в”Ҷ -1.25081        в”Ҷ -1.358685      в”Ӯ
в””в”Җв”Җв”Җв”Җв”Җв”Җв”Җв”Җв”Җв”Җв”ҙв”Җв”Җв”Җв”Җв”Җв”Җв”Җв”Җв”ҙв”Җв”Җв”Җв”Җв”Җв”Җв”Җв”Җв”Җв”Җв”Җв”Җв”Җв”Җв”Җв”Җв”Җв”Җв”ҙв”Җв”Җв”Җв”Җв”Җв”Җв”Җв”Җв”Җв”Җв”Җв”Җв”ҙв”Җв”Җв”Җв”ҙв”Җв”Җв”Җв”Җв”Җв”Җв”Җв”Җв”Җв”Җв”Җв”Җв”Җв”Җв”Җв”Җв”Җв”Җв”ҙв”Җв”Җв”Җв”Җв”Җв”Җв”Җв”Җв”Җв”Җв”Җв”Җв”Җв”Җв”Җв”Җв”Җв”ҙв”Җв”Җв”Җв”Җв”Җв”Җв”Җв”Җв”Җв”Җв”Җв”Җв”Җв”Җв”Җв”Җв”Җв”ҙв”Җв”Җв”Җв”Җв”Җв”Җв”Җв”Җв”Җв”Җв”Җв”Җв”Җв”Җв”Җв”Җв”ҳ
2026-04-19 14:07:06 | INFO | P6 | STEP 4. Summarizing system state from monitored signals...
2026-04-19 14:07:06 | INFO | P6 | STEP 4. System summary:
shape: (1, 6)
в”Ңв”Җв”Җв”Җв”Җв”Җв”Җв”Җв”Җв”Җв”Җв”Җв”Җв”Җв”Җв”¬в”Җв”Җв”Җв”Җв”Җв”Җв”Җв”Җв”Җв”Җв”Җв”Җв”¬в”Җв”Җв”Җв”Җв”Җв”Җв”Җв”Җв”Җв”Җв”Җв”Җв”Җв”Җв”Җв”Җв”¬в”Җв”Җв”Җв”Җв”Җв”Җв”Җв”Җв”Җв”Җв”Җв”Җв”Җв”Җв”Җв”Җв”¬в”Җв”Җв”Җв”Җв”Җв”Җв”Җв”Җв”Җв”Җв”Җв”Җв”Җв”Җв”¬в”Җв”Җв”Җв”Җв”Җв”Җв”Җв”Җв”Җв”Җв”Җв”Җв”Җв”Җв”Җв”Җв”Җв”Җв”Җв”Җв”җ
в”Ӯ avg_requests в”Ҷ avg_errors в”Ҷ avg_error_rate в”Ҷ avg_latency_ms в”Ҷ system_state в”Ҷ degradation_reason в”Ӯ
в”Ӯ ---          в”Ҷ ---        в”Ҷ ---            в”Ҷ ---            в”Ҷ ---          в”Ҷ ---                в”Ӯ
в”Ӯ f64          в”Ҷ f64        в”Ҷ f64            в”Ҷ f64            в”Ҷ str          в”Ҷ str                в”Ӯ
в•һв•җв•җв•җв•җв•җв•җв•җв•җв•җв•җв•җв•җв•җв•җв•Әв•җв•җв•җв•җв•җв•җв•җв•җв•җв•җв•җв•җв•Әв•җв•җв•җв•җв•җв•җв•җв•җв•җв•җв•җв•җв•җв•җв•җв•җв•Әв•җв•җв•җв•җв•җв•җв•җв•җв•җв•җв•җв•җв•җв•җв•җв•җв•Әв•җв•җв•җв•җв•җв•җв•җв•җв•җв•җв•җв•җв•җв•җв•Әв•җв•җв•җв•җв•җв•җв•җв•җв•җв•җв•җв•җв•җв•җв•җв•җв•җв•җв•җв•җв•Ў
в”Ӯ 157.35       в”Ҷ 4.433333   в”Ҷ 0.026486       в”Ҷ 33.711554      в”Ҷ STABLE       в”Ҷ NONE               в”Ӯ
в””в”Җв”Җв”Җв”Җв”Җв”Җв”Җв”Җв”Җв”Җв”Җв”Җв”Җв”Җв”ҙв”Җв”Җв”Җв”Җв”Җв”Җв”Җв”Җв”Җв”Җв”Җв”Җв”ҙв”Җв”Җв”Җв”Җв”Җв”Җв”Җв”Җв”Җв”Җв”Җв”Җв”Җв”Җв”Җв”Җв”ҙв”Җв”Җв”Җв”Җв”Җв”Җв”Җв”Җв”Җв”Җв”Җв”Җв”Җв”Җв”Җв”Җв”ҙв”Җв”Җв”Җв”Җв”Җв”Җв”Җв”Җв”Җв”Җв”Җв”Җв”Җв”Җв”ҙв”Җв”Җв”Җв”Җв”Җв”Җв”Җв”Җв”Җв”Җв”Җв”Җв”Җв”Җв”Җв”Җв”Җв”Җв”Җв”Җв”ҳ
2026-04-19 14:07:06 | INFO | P6 | STEP 4. System assessment completed
2026-04-19 14:07:06 | INFO | P6 | STEP 5. Wrote system assessment file: C:\Repos\cintel-06-continuous-intelligence\artifacts\system_assessment_case.csv
2026-04-19 14:07:06 | INFO | P6 | ========================
2026-04-19 14:07:06 | INFO | P6 | Pipeline executed successfully!
2026-04-19 14:07:06 | INFO | P6 | ========================
2026-04-19 14:07:06 | INFO | P6 | END main()
2026-04-19 14:17:46 | INFO | P6 | === RUN START ===
2026-04-19 14:17:46 | INFO | P6 | project=CINTEL
2026-04-19 14:17:46 | INFO | P6 | repo_dir=cintel-06-continuous-intelligence
2026-04-19 14:17:46 | INFO | P6 | python=3.14.0
2026-04-19 14:17:46 | INFO | P6 | os=Windows 11
2026-04-19 14:17:46 | INFO | P6 | shell=powershell
2026-04-19 14:17:46 | INFO | P6 | cwd=.
2026-04-19 14:17:46 | INFO | P6 | github_actions=False
2026-04-19 14:17:46 | INFO | P6 | ========================
2026-04-19 14:17:46 | INFO | P6 | START main()
2026-04-19 14:17:46 | INFO | P6 | ========================
2026-04-19 14:17:46 | INFO | P6 | ROOT_DIR = .
2026-04-19 14:17:46 | INFO | P6 | DATA_FILE = data\system_metrics_case.csv
2026-04-19 14:17:46 | INFO | P6 | OUTPUT_FILE = artifacts\system_assessment_case.csv
2026-04-19 14:17:46 | INFO | P6 | ARTIFACTS_DIR = artifacts
2026-04-19 14:17:46 | INFO | P6 | STEP 1. Loaded 60 system records
2026-04-19 14:17:46 | INFO | P6 | STEP 2. Designing signals from raw metrics...
2026-04-19 14:17:47 | INFO | P6 | STEP 2. Signals designed and graphed
2026-04-19 14:17:47 | INFO | P6 | STEP 3. Checking for anomalies in system signals...
2026-04-19 14:17:47 | INFO | P6 | STEP 3. Using thresholds: MAX_ERROR_RATE=0.05, MAX_AVG_LATENCY=40.0, Z-SCORE_THRESHOLD=2.0
2026-04-19 14:17:47 | INFO | P6 | STEP 3. Anomalies detected: shape: (7, 11)
в”Ңв”Җв”Җв”Җв”Җв”Җв”Җв”Җв”Җв”Җв”Җв”¬в”Җв”Җв”Җв”Җв”Җв”Җв”Җв”Җв”¬в”Җв”Җв”Җв”Җв”Җв”Җв”Җв”Җв”Җв”Җв”Җв”Җв”Җв”Җв”Җв”Җв”Җв”Җв”¬в”Җв”Җв”Җв”Җв”Җв”Җв”Җв”Җв”Җв”Җв”Җв”Җв”¬в”Җв”Җв”Җв”¬в”Җв”Җв”Җв”Җв”Җв”Җв”Җв”Җв”Җв”Җв”Җв”Җв”Җв”Җв”Җв”Җв”Җв”Җв”¬в”Җв”Җв”Җв”Җв”Җв”Җв”Җв”Җв”Җв”Җв”Җв”Җв”Җв”Җв”Җв”Җв”Җв”¬в”Җв”Җв”Җв”Җв”Җв”Җв”Җв”Җв”Җв”Җв”Җв”Җв”Җв”Җв”Җв”Җв”Җв”¬в”Җв”Җв”Җв”Җв”Җв”Җв”Җв”Җв”Җв”Җв”Җв”Җв”Җв”Җв”Җв”Җв”җ
в”Ӯ requests в”Ҷ errors в”Ҷ total_latency_ms в”Ҷ error_rate в”Ҷ вҖҰ в”Ҷ error_rate_roll_ в”Ҷ latency_roll_me в”Ҷ error_rate_zsco в”Ҷ latency_zscore в”Ӯ
в”Ӯ ---      в”Ҷ ---    в”Ҷ ---              в”Ҷ ---        в”Ҷ   в”Ҷ mean             в”Ҷ an              в”Ҷ re              в”Ҷ ---            в”Ӯ
в”Ӯ i64      в”Ҷ i64    в”Ҷ i64              в”Ҷ f64        в”Ҷ   в”Ҷ ---              в”Ҷ ---             в”Ҷ ---             в”Ҷ f64            в”Ӯ
в”Ӯ          в”Ҷ        в”Ҷ                  в”Ҷ            в”Ҷ   в”Ҷ f64              в”Ҷ f64             в”Ҷ f64             в”Ҷ                в”Ӯ
в•һв•җв•җв•җв•җв•җв•җв•җв•җв•җв•җв•Әв•җв•җв•җв•җв•җв•җв•җв•җв•Әв•җв•җв•җв•җв•җв•җв•җв•җв•җв•җв•җв•җв•җв•җв•җв•җв•җв•җв•Әв•җв•җв•җв•җв•җв•җв•җв•җв•җв•җв•җв•җв•Әв•җв•җв•җв•Әв•җв•җв•җв•җв•җв•җв•җв•җв•җв•җв•җв•җв•җв•җв•җв•җв•җв•җв•Әв•җв•җв•җв•җв•җв•җв•җв•җв•җв•җв•җв•җв•җв•җв•җв•җв•җв•Әв•җв•җв•җв•җв•җв•җв•җв•җв•җв•җв•җв•җв•җв•җв•җв•җв•җв•Әв•җв•җв•җв•җв•җв•җв•җв•җв•җв•җв•җв•җв•җв•җв•җв•җв•Ў
в”Ӯ 195      в”Ҷ 9      в”Ҷ 8000             в”Ҷ 0.046154   в”Ҷ вҖҰ в”Ҷ 0.041422         в”Ҷ 39.011181       в”Ҷ 1.399094        в”Ҷ 1.330964       в”Ӯ
в”Ӯ 200      в”Ҷ 10     в”Ҷ 8500             в”Ҷ 0.05       в”Ҷ вҖҰ в”Ҷ 0.04373          в”Ҷ 40.038653       в”Ҷ 1.368789        в”Ҷ 1.347858       в”Ӯ
в”Ӯ 205      в”Ҷ 11     в”Ҷ 9000             в”Ҷ 0.053659   в”Ҷ вҖҰ в”Ҷ 0.046894         в”Ҷ 41.251573       в”Ҷ 1.368505        в”Ҷ 1.322617       в”Ӯ
в”Ӯ 210      в”Ҷ 12     в”Ҷ 9600             в”Ҷ 0.057143   в”Ҷ вҖҰ в”Ҷ 0.049812         в”Ҷ 42.628473       в”Ҷ 1.233199        в”Ҷ 1.358464       в”Ӯ
в”Ӯ 205      в”Ҷ 10     в”Ҷ 9000             в”Ҷ 0.04878    в”Ҷ вҖҰ в”Ҷ 0.051147         в”Ҷ 43.408961       в”Ҷ -0.549844       в”Ҷ 0.281322       в”Ӯ
в”Ӯ 200      в”Ҷ 9      в”Ҷ 8500             в”Ҷ 0.045      в”Ҷ вҖҰ в”Ҷ 0.050916         в”Ҷ 43.703833       в”Ҷ -1.270843       в”Ҷ -0.908764      в”Ӯ
в”Ӯ 195      в”Ҷ 8      в”Ҷ 8000             в”Ҷ 0.041026   в”Ҷ вҖҰ в”Ҷ 0.049122         в”Ҷ 43.408961       в”Ҷ -1.25081        в”Ҷ -1.358685      в”Ӯ
в””в”Җв”Җв”Җв”Җв”Җв”Җв”Җв”Җв”Җв”Җв”ҙв”Җв”Җв”Җв”Җв”Җв”Җв”Җв”Җв”ҙв”Җв”Җв”Җв”Җв”Җв”Җв”Җв”Җв”Җв”Җв”Җв”Җв”Җв”Җв”Җв”Җв”Җв”Җв”ҙв”Җв”Җв”Җв”Җв”Җв”Җв”Җв”Җв”Җв”Җв”Җв”Җв”ҙв”Җв”Җв”Җв”ҙв”Җв”Җв”Җв”Җв”Җв”Җв”Җв”Җв”Җв”Җв”Җв”Җв”Җв”Җв”Җв”Җв”Җв”Җв”ҙв”Җв”Җв”Җв”Җв”Җв”Җв”Җв”Җв”Җв”Җв”Җв”Җв”Җв”Җв”Җв”Җв”Җв”ҙв”Җв”Җв”Җв”Җв”Җв”Җв”Җв”Җв”Җв”Җв”Җв”Җв”Җв”Җв”Җв”Җв”Җв”ҙв”Җв”Җв”Җв”Җв”Җв”Җв”Җв”Җв”Җв”Җв”Җв”Җв”Җв”Җв”Җв”Җв”ҳ
2026-04-19 14:17:47 | INFO | P6 | STEP 4. Summarizing system state from monitored signals...
2026-04-19 14:21:21 | INFO | P6 | === RUN START ===
2026-04-19 14:21:21 | INFO | P6 | project=CINTEL
2026-04-19 14:21:21 | INFO | P6 | repo_dir=cintel-06-continuous-intelligence
2026-04-19 14:21:21 | INFO | P6 | python=3.14.0
2026-04-19 14:21:21 | INFO | P6 | os=Windows 11
2026-04-19 14:21:21 | INFO | P6 | shell=powershell
2026-04-19 14:21:21 | INFO | P6 | cwd=.
2026-04-19 14:21:21 | INFO | P6 | github_actions=False
2026-04-19 14:21:21 | INFO | P6 | ========================
2026-04-19 14:21:21 | INFO | P6 | START main()
2026-04-19 14:21:21 | INFO | P6 | ========================
2026-04-19 14:21:21 | INFO | P6 | ROOT_DIR = .
2026-04-19 14:21:21 | INFO | P6 | DATA_FILE = data\system_metrics_case.csv
2026-04-19 14:21:21 | INFO | P6 | OUTPUT_FILE = artifacts\system_assessment_case.csv
2026-04-19 14:21:21 | INFO | P6 | ARTIFACTS_DIR = artifacts
2026-04-19 14:21:21 | INFO | P6 | STEP 1. Loaded 60 system records
2026-04-19 14:21:22 | INFO | P6 | STEP 2. Designing signals from raw metrics...
2026-04-19 14:21:23 | INFO | P6 | STEP 2. Signals designed and graphed
2026-04-19 14:21:23 | INFO | P6 | STEP 3. Checking for anomalies in system signals...
2026-04-19 14:21:23 | INFO | P6 | STEP 3. Using thresholds: MAX_ERROR_RATE=0.05, MAX_AVG_LATENCY=40.0, Z-SCORE_THRESHOLD=2.0
2026-04-19 14:21:23 | INFO | P6 | STEP 3. Anomalies detected: shape: (7, 11)
в”Ңв”Җв”Җв”Җв”Җв”Җв”Җв”Җв”Җв”Җв”Җв”¬в”Җв”Җв”Җв”Җв”Җв”Җв”Җв”Җв”¬в”Җв”Җв”Җв”Җв”Җв”Җв”Җв”Җв”Җв”Җв”Җв”Җв”Җв”Җв”Җв”Җв”Җв”Җв”¬в”Җв”Җв”Җв”Җв”Җв”Җв”Җв”Җв”Җв”Җв”Җв”Җв”¬в”Җв”Җв”Җв”¬в”Җв”Җв”Җв”Җв”Җв”Җв”Җв”Җв”Җв”Җв”Җв”Җв”Җв”Җв”Җв”Җв”Җв”Җв”¬в”Җв”Җв”Җв”Җв”Җв”Җв”Җв”Җв”Җв”Җв”Җв”Җв”Җв”Җв”Җв”Җв”Җв”¬в”Җв”Җв”Җв”Җв”Җв”Җв”Җв”Җв”Җв”Җв”Җв”Җв”Җв”Җв”Җв”Җв”Җв”¬в”Җв”Җв”Җв”Җв”Җв”Җв”Җв”Җв”Җв”Җв”Җв”Җв”Җв”Җв”Җв”Җв”җ
в”Ӯ requests в”Ҷ errors в”Ҷ total_latency_ms в”Ҷ error_rate в”Ҷ вҖҰ в”Ҷ error_rate_roll_ в”Ҷ latency_roll_me в”Ҷ error_rate_zsco в”Ҷ latency_zscore в”Ӯ
в”Ӯ ---      в”Ҷ ---    в”Ҷ ---              в”Ҷ ---        в”Ҷ   в”Ҷ mean             в”Ҷ an              в”Ҷ re              в”Ҷ ---            в”Ӯ
в”Ӯ i64      в”Ҷ i64    в”Ҷ i64              в”Ҷ f64        в”Ҷ   в”Ҷ ---              в”Ҷ ---             в”Ҷ ---             в”Ҷ f64            в”Ӯ
в”Ӯ          в”Ҷ        в”Ҷ                  в”Ҷ            в”Ҷ   в”Ҷ f64              в”Ҷ f64             в”Ҷ f64             в”Ҷ                в”Ӯ
в•һв•җв•җв•җв•җв•җв•җв•җв•җв•җв•җв•Әв•җв•җв•җв•җв•җв•җв•җв•җв•Әв•җв•җв•җв•җв•җв•җв•җв•җв•җв•җв•җв•җв•җв•җв•җв•җв•җв•җв•Әв•җв•җв•җв•җв•җв•җв•җв•җв•җв•җв•җв•җв•Әв•җв•җв•җв•Әв•җв•җв•җв•җв•җв•җв•җв•җв•җв•җв•җв•җв•җв•җв•җв•җв•җв•җв•Әв•җв•җв•җв•җв•җв•җв•җв•җв•җв•җв•җв•җв•җв•җв•җв•җв•җв•Әв•җв•җв•җв•җв•җв•җв•җв•җв•җв•җв•җв•җв•җв•җв•җв•җв•җв•Әв•җв•җв•җв•җв•җв•җв•җв•җв•җв•җв•җв•җв•җв•җв•җв•җв•Ў
в”Ӯ 195      в”Ҷ 9      в”Ҷ 8000             в”Ҷ 0.046154   в”Ҷ вҖҰ в”Ҷ 0.041422         в”Ҷ 39.011181       в”Ҷ 1.399094        в”Ҷ 1.330964       в”Ӯ
в”Ӯ 200      в”Ҷ 10     в”Ҷ 8500             в”Ҷ 0.05       в”Ҷ вҖҰ в”Ҷ 0.04373          в”Ҷ 40.038653       в”Ҷ 1.368789        в”Ҷ 1.347858       в”Ӯ
в”Ӯ 205      в”Ҷ 11     в”Ҷ 9000             в”Ҷ 0.053659   в”Ҷ вҖҰ в”Ҷ 0.046894         в”Ҷ 41.251573       в”Ҷ 1.368505        в”Ҷ 1.322617       в”Ӯ
в”Ӯ 210      в”Ҷ 12     в”Ҷ 9600             в”Ҷ 0.057143   в”Ҷ вҖҰ в”Ҷ 0.049812         в”Ҷ 42.628473       в”Ҷ 1.233199        в”Ҷ 1.358464       в”Ӯ
в”Ӯ 205      в”Ҷ 10     в”Ҷ 9000             в”Ҷ 0.04878    в”Ҷ вҖҰ в”Ҷ 0.051147         в”Ҷ 43.408961       в”Ҷ 0.549844        в”Ҷ 0.281322       в”Ӯ
в”Ӯ 200      в”Ҷ 9      в”Ҷ 8500             в”Ҷ 0.045      в”Ҷ вҖҰ в”Ҷ 0.050916         в”Ҷ 43.703833       в”Ҷ 1.270843        в”Ҷ 0.908764       в”Ӯ
в”Ӯ 195      в”Ҷ 8      в”Ҷ 8000             в”Ҷ 0.041026   в”Ҷ вҖҰ в”Ҷ 0.049122         в”Ҷ 43.408961       в”Ҷ 1.25081         в”Ҷ 1.358685       в”Ӯ
в””в”Җв”Җв”Җв”Җв”Җв”Җв”Җв”Җв”Җв”Җв”ҙв”Җв”Җв”Җв”Җв”Җв”Җв”Җв”Җв”ҙв”Җв”Җв”Җв”Җв”Җв”Җв”Җв”Җв”Җв”Җв”Җв”Җв”Җв”Җв”Җв”Җв”Җв”Җв”ҙв”Җв”Җв”Җв”Җв”Җв”Җв”Җв”Җв”Җв”Җв”Җв”Җв”ҙв”Җв”Җв”Җв”ҙв”Җв”Җв”Җв”Җв”Җв”Җв”Җв”Җв”Җв”Җв”Җв”Җв”Җв”Җв”Җв”Җв”Җв”Җв”ҙв”Җв”Җв”Җв”Җв”Җв”Җв”Җв”Җв”Җв”Җв”Җв”Җв”Җв”Җв”Җв”Җв”Җв”ҙв”Җв”Җв”Җв”Җв”Җв”Җв”Җв”Җв”Җв”Җв”Җв”Җв”Җв”Җв”Җв”Җв”Җв”ҙв”Җв”Җв”Җв”Җв”Җв”Җв”Җв”Җв”Җв”Җв”Җв”Җв”Җв”Җв”Җв”Җв”ҳ
2026-04-19 14:21:23 | INFO | P6 | STEP 4. Summarizing system state from monitored signals...
2026-04-19 14:21:23 | INFO | P6 | STEP 4. System summary:
shape: (1, 8)
в”Ңв”Җв”Җв”Җв”Җв”Җв”Җв”Җв”Җв”Җв”Җв”Җв”Җв”Җв”Җв”¬в”Җв”Җв”Җв”Җв”Җв”Җв”Җв”Җв”Җв”Җв”Җв”Җв”¬в”Җв”Җв”Җв”Җв”Җв”Җв”Җв”Җв”Җв”Җв”Җв”Җв”Җв”Җв”Җв”Җв”¬в”Җв”Җв”Җв”Җв”Җв”Җв”Җв”Җв”Җв”Җв”Җв”Җв”Җв”Җв”Җв”Җв”¬в”Җв”Җв”Җв”Җв”Җв”Җв”Җв”Җв”Җв”Җв”Җв”Җв”Җв”Җв”Җв”Җв”¬в”Җв”Җв”Җв”Җв”Җв”Җв”Җв”Җв”Җв”Җв”Җв”Җв”Җв”Җв”Җв”Җв”¬в”Җв”Җв”Җв”Җв”Җв”Җв”Җв”Җв”Җв”Җв”Җв”Җв”Җв”Җв”¬в”Җв”Җв”Җв”Җв”Җв”Җв”Җв”Җв”Җв”Җв”Җв”Җв”Җв”Җв”Җв”Җв”җ
в”Ӯ avg_requests в”Ҷ avg_errors в”Ҷ avg_error_rate в”Ҷ avg_latency_ms в”Ҷ avg_error_rate в”Ҷ avg_latency_zs в”Ҷ system_state в”Ҷ degradation_re в”Ӯ
в”Ӯ ---          в”Ҷ ---        в”Ҷ ---            в”Ҷ ---            в”Ҷ _zscore        в”Ҷ core           в”Ҷ ---          в”Ҷ ason           в”Ӯ
в”Ӯ f64          в”Ҷ f64        в”Ҷ f64            в”Ҷ f64            в”Ҷ ---            в”Ҷ ---            в”Ҷ str          в”Ҷ ---            в”Ӯ
в”Ӯ              в”Ҷ            в”Ҷ                в”Ҷ                в”Ҷ f64            в”Ҷ f64            в”Ҷ              в”Ҷ str            в”Ӯ
в•һв•җв•җв•җв•җв•җв•җв•җв•җв•җв•җв•җв•җв•җв•җв•Әв•җв•җв•җв•җв•җв•җв•җв•җв•җв•җв•җв•җв•Әв•җв•җв•җв•җв•җв•җв•җв•җв•җв•җв•җв•җв•җв•җв•җв•җв•Әв•җв•җв•җв•җв•җв•җв•җв•җв•җв•җв•җв•җв•җв•җв•җв•җв•Әв•җв•җв•җв•җв•җв•җв•җв•җв•җв•җв•җв•җв•җв•җв•җв•җв•Әв•җв•җв•җв•җв•җв•җв•җв•җв•җв•җв•җв•җв•җв•җв•җв•җв•Әв•җв•җв•җв•җв•җв•җв•җв•җв•җв•җв•җв•җв•җв•җв•Әв•җв•җв•җв•җв•җв•җв•җв•җв•җв•җв•җв•җв•җв•җв•җв•җв•Ў
в”Ӯ 157.35       в”Ҷ 4.433333   в”Ҷ 0.026486       в”Ҷ 33.711554      в”Ҷ 1.077252       в”Ҷ 1.161562       в”Ҷ STABLE       в”Ҷ NONE           в”Ӯ
в””в”Җв”Җв”Җв”Җв”Җв”Җв”Җв”Җв”Җв”Җв”Җв”Җв”Җв”Җв”ҙв”Җв”Җв”Җв”Җв”Җв”Җв”Җв”Җв”Җв”Җв”Җв”Җв”ҙв”Җв”Җв”Җв”Җв”Җв”Җв”Җв”Җв”Җв”Җв”Җв”Җв”Җв”Җв”Җв”Җв”ҙв”Җв”Җв”Җв”Җв”Җв”Җв”Җв”Җв”Җв”Җв”Җв”Җв”Җв”Җв”Җв”Җв”ҙв”Җв”Җв”Җв”Җв”Җв”Җв”Җв”Җв”Җв”Җв”Җв”Җв”Җв”Җв”Җв”Җв”ҙв”Җв”Җв”Җв”Җв”Җв”Җв”Җв”Җв”Җв”Җв”Җв”Җв”Җв”Җв”Җв”Җв”ҙв”Җв”Җв”Җв”Җв”Җв”Җв”Җв”Җв”Җв”Җв”Җв”Җв”Җв”Җв”ҙв”Җв”Җв”Җв”Җв”Җв”Җв”Җв”Җв”Җв”Җв”Җв”Җв”Җв”Җв”Җв”Җв”ҳ
2026-04-19 14:21:23 | INFO | P6 | STEP 4. System assessment completed
2026-04-19 14:21:23 | INFO | P6 | STEP 5. Wrote system assessment file: C:\Repos\cintel-06-continuous-intelligence\artifacts\system_assessment_case.csv
2026-04-19 14:21:23 | INFO | P6 | ========================
2026-04-19 14:21:23 | INFO | P6 | Pipeline executed successfully!
2026-04-19 14:21:23 | INFO | P6 | ========================
2026-04-19 14:21:23 | INFO | P6 | END main()
2026-04-19 14:28:17 | INFO | P6 | === RUN START ===
2026-04-19 14:28:17 | INFO | P6 | project=CINTEL
2026-04-19 14:28:17 | INFO | P6 | repo_dir=cintel-06-continuous-intelligence
2026-04-19 14:28:17 | INFO | P6 | python=3.14.0
2026-04-19 14:28:17 | INFO | P6 | os=Windows 11
2026-04-19 14:28:17 | INFO | P6 | shell=powershell
2026-04-19 14:28:17 | INFO | P6 | cwd=.
2026-04-19 14:28:17 | INFO | P6 | github_actions=False
2026-04-19 14:28:17 | INFO | P6 | ========================
2026-04-19 14:28:17 | INFO | P6 | START main()
2026-04-19 14:28:17 | INFO | P6 | ========================
2026-04-19 14:28:17 | INFO | P6 | ROOT_DIR = .
2026-04-19 14:28:17 | INFO | P6 | DATA_FILE = data\system_metrics_case.csv
2026-04-19 14:28:17 | INFO | P6 | OUTPUT_FILE = artifacts\system_assessment_case.csv
2026-04-19 14:28:17 | INFO | P6 | ARTIFACTS_DIR = artifacts
2026-04-19 14:28:17 | INFO | P6 | STEP 1. Loaded 60 system records
2026-04-19 14:28:18 | INFO | P6 | STEP 2. Designing signals from raw metrics...
2026-04-19 14:28:19 | INFO | P6 | STEP 2. Signals designed and graphed
2026-04-19 14:28:19 | INFO | P6 | STEP 3. Checking for anomalies in system signals...
2026-04-19 14:28:19 | INFO | P6 | STEP 3. Using thresholds: MAX_ERROR_RATE=0.05, MAX_AVG_LATENCY=40.0, Z-SCORE_THRESHOLD=2.0
2026-04-19 14:28:19 | INFO | P6 | STEP 3. Anomalies detected: shape: (7, 11)
в”Ңв”Җв”Җв”Җв”Җв”Җв”Җв”Җв”Җв”Җв”Җв”¬в”Җв”Җв”Җв”Җв”Җв”Җв”Җв”Җв”¬в”Җв”Җв”Җв”Җв”Җв”Җв”Җв”Җв”Җв”Җв”Җв”Җв”Җв”Җв”Җв”Җв”Җв”Җв”¬в”Җв”Җв”Җв”Җв”Җв”Җв”Җв”Җв”Җв”Җв”Җв”Җв”¬в”Җв”Җв”Җв”¬в”Җв”Җв”Җв”Җв”Җв”Җв”Җв”Җв”Җв”Җв”Җв”Җв”Җв”Җв”Җв”Җв”Җв”Җв”¬в”Җв”Җв”Җв”Җв”Җв”Җв”Җв”Җв”Җв”Җв”Җв”Җв”Җв”Җв”Җв”Җв”Җв”¬в”Җв”Җв”Җв”Җв”Җв”Җв”Җв”Җв”Җв”Җв”Җв”Җв”Җв”Җв”Җв”Җв”Җв”¬в”Җв”Җв”Җв”Җв”Җв”Җв”Җв”Җв”Җв”Җв”Җв”Җв”Җв”Җв”Җв”Җв”җ
в”Ӯ requests в”Ҷ errors в”Ҷ total_latency_ms в”Ҷ error_rate в”Ҷ вҖҰ в”Ҷ error_rate_roll_ в”Ҷ latency_roll_me в”Ҷ error_rate_zsco в”Ҷ latency_zscore в”Ӯ
в”Ӯ ---      в”Ҷ ---    в”Ҷ ---              в”Ҷ ---        в”Ҷ   в”Ҷ mean             в”Ҷ an              в”Ҷ re              в”Ҷ ---            в”Ӯ
в”Ӯ i64      в”Ҷ i64    в”Ҷ i64              в”Ҷ f64        в”Ҷ   в”Ҷ ---              в”Ҷ ---             в”Ҷ ---             в”Ҷ f64            в”Ӯ
в”Ӯ          в”Ҷ        в”Ҷ                  в”Ҷ            в”Ҷ   в”Ҷ f64              в”Ҷ f64             в”Ҷ f64             в”Ҷ                в”Ӯ
в•һв•җв•җв•җв•җв•җв•җв•җв•җв•җв•җв•Әв•җв•җв•җв•җв•җв•җв•җв•җв•Әв•җв•җв•җв•җв•җв•җв•җв•җв•җв•җв•җв•җв•җв•җв•җв•җв•җв•җв•Әв•җв•җв•җв•җв•җв•җв•җв•җв•җв•җв•җв•җв•Әв•җв•җв•җв•Әв•җв•җв•җв•җв•җв•җв•җв•җв•җв•җв•җв•җв•җв•җв•җв•җв•җв•җв•Әв•җв•җв•җв•җв•җв•җв•җв•җв•җв•җв•җв•җв•җв•җв•җв•җв•җв•Әв•җв•җв•җв•җв•җв•җв•җв•җв•җв•җв•җв•җв•җв•җв•җв•җв•җв•Әв•җв•җв•җв•җв•җв•җв•җв•җв•җв•җв•җв•җв•җв•җв•җв•җв•Ў
в”Ӯ 195      в”Ҷ 9      в”Ҷ 8000             в”Ҷ 0.046154   в”Ҷ вҖҰ в”Ҷ 0.041422         в”Ҷ 39.011181       в”Ҷ 1.399094        в”Ҷ 1.330964       в”Ӯ
в”Ӯ 200      в”Ҷ 10     в”Ҷ 8500             в”Ҷ 0.05       в”Ҷ вҖҰ в”Ҷ 0.04373          в”Ҷ 40.038653       в”Ҷ 1.368789        в”Ҷ 1.347858       в”Ӯ
в”Ӯ 205      в”Ҷ 11     в”Ҷ 9000             в”Ҷ 0.053659   в”Ҷ вҖҰ в”Ҷ 0.046894         в”Ҷ 41.251573       в”Ҷ 1.368505        в”Ҷ 1.322617       в”Ӯ
в”Ӯ 210      в”Ҷ 12     в”Ҷ 9600             в”Ҷ 0.057143   в”Ҷ вҖҰ в”Ҷ 0.049812         в”Ҷ 42.628473       в”Ҷ 1.233199        в”Ҷ 1.358464       в”Ӯ
в”Ӯ 205      в”Ҷ 10     в”Ҷ 9000             в”Ҷ 0.04878    в”Ҷ вҖҰ в”Ҷ 0.051147         в”Ҷ 43.408961       в”Ҷ 0.549844        в”Ҷ 0.281322       в”Ӯ
в”Ӯ 200      в”Ҷ 9      в”Ҷ 8500             в”Ҷ 0.045      в”Ҷ вҖҰ в”Ҷ 0.050916         в”Ҷ 43.703833       в”Ҷ 1.270843        в”Ҷ 0.908764       в”Ӯ
в”Ӯ 195      в”Ҷ 8      в”Ҷ 8000             в”Ҷ 0.041026   в”Ҷ вҖҰ в”Ҷ 0.049122         в”Ҷ 43.408961       в”Ҷ 1.25081         в”Ҷ 1.358685       в”Ӯ
в””в”Җв”Җв”Җв”Җв”Җв”Җв”Җв”Җв”Җв”Җв”ҙв”Җв”Җв”Җв”Җв”Җв”Җв”Җв”Җв”ҙв”Җв”Җв”Җв”Җв”Җв”Җв”Җв”Җв”Җв”Җв”Җв”Җв”Җв”Җв”Җв”Җв”Җв”Җв”ҙв”Җв”Җв”Җв”Җв”Җв”Җв”Җв”Җв”Җв”Җв”Җв”Җв”ҙв”Җв”Җв”Җв”ҙв”Җв”Җв”Җв”Җв”Җв”Җв”Җв”Җв”Җв”Җв”Җв”Җв”Җв”Җв”Җв”Җв”Җв”Җв”ҙв”Җв”Җв”Җв”Җв”Җв”Җв”Җв”Җв”Җв”Җв”Җв”Җв”Җв”Җв”Җв”Җв”Җв”ҙв”Җв”Җв”Җв”Җв”Җв”Җв”Җв”Җв”Җв”Җв”Җв”Җв”Җв”Җв”Җв”Җв”Җв”ҙв”Җв”Җв”Җв”Җв”Җв”Җв”Җв”Җв”Җв”Җв”Җв”Җв”Җв”Җв”Җв”Җв”ҳ
2026-04-19 14:28:19 | INFO | P6 | STEP 4. Summarizing system state from monitored signals...
2026-04-19 14:28:19 | INFO | P6 | STEP 4. System summary:
shape: (1, 8)
в”Ңв”Җв”Җв”Җв”Җв”Җв”Җв”Җв”Җв”Җв”Җв”Җв”Җв”Җв”Җв”¬в”Җв”Җв”Җв”Җв”Җв”Җв”Җв”Җв”Җв”Җв”Җв”Җв”¬в”Җв”Җв”Җв”Җв”Җв”Җв”Җв”Җв”Җв”Җв”Җв”Җв”Җв”Җв”Җв”Җв”¬в”Җв”Җв”Җв”Җв”Җв”Җв”Җв”Җв”Җв”Җв”Җв”Җв”Җв”Җв”Җв”Җв”¬в”Җв”Җв”Җв”Җв”Җв”Җв”Җв”Җв”Җв”Җв”Җв”Җв”Җв”Җв”Җв”Җв”¬в”Җв”Җв”Җв”Җв”Җв”Җв”Җв”Җв”Җв”Җв”Җв”Җв”Җв”Җв”Җв”Җв”¬в”Җв”Җв”Җв”Җв”Җв”Җв”Җв”Җв”Җв”Җв”Җв”Җв”Җв”Җв”¬в”Җв”Җв”Җв”Җв”Җв”Җв”Җв”Җв”Җв”Җв”Җв”Җв”Җв”Җв”Җв”Җв”җ
в”Ӯ avg_requests в”Ҷ avg_errors в”Ҷ avg_error_rate в”Ҷ avg_latency_ms в”Ҷ avg_error_rate в”Ҷ avg_latency_zs в”Ҷ system_state в”Ҷ degradation_re в”Ӯ
в”Ӯ ---          в”Ҷ ---        в”Ҷ ---            в”Ҷ ---            в”Ҷ _zscore        в”Ҷ core           в”Ҷ ---          в”Ҷ ason           в”Ӯ
в”Ӯ f64          в”Ҷ f64        в”Ҷ f64            в”Ҷ f64            в”Ҷ ---            в”Ҷ ---            в”Ҷ str          в”Ҷ ---            в”Ӯ
в”Ӯ              в”Ҷ            в”Ҷ                в”Ҷ                в”Ҷ f64            в”Ҷ f64            в”Ҷ              в”Ҷ str            в”Ӯ
в•һв•җв•җв•җв•җв•җв•җв•җв•җв•җв•җв•җв•җв•җв•җв•Әв•җв•җв•җв•җв•җв•җв•җв•җв•җв•җв•җв•җв•Әв•җв•җв•җв•җв•җв•җв•җв•җв•җв•җв•җв•җв•җв•җв•җв•җв•Әв•җв•җв•җв•җв•җв•җв•җв•җв•җв•җв•җв•җв•җв•җв•җв•җв•Әв•җв•җв•җв•җв•җв•җв•җв•җв•җв•җв•җв•җв•җв•җв•җв•җв•Әв•җв•җв•җв•җв•җв•җв•җв•җв•җв•җв•җв•җв•җв•җв•җв•җв•Әв•җв•җв•җв•җв•җв•җв•җв•җв•җв•җв•җв•җв•җв•җв•Әв•җв•җв•җв•җв•җв•җв•җв•җв•җв•җв•җв•җв•җв•җв•җв•җв•Ў
в”Ӯ 157.35       в”Ҷ 4.433333   в”Ҷ 0.026486       в”Ҷ 33.711554      в”Ҷ 1.077252       в”Ҷ 1.161562       в”Ҷ STABLE       в”Ҷ NONE           в”Ӯ
в””в”Җв”Җв”Җв”Җв”Җв”Җв”Җв”Җв”Җв”Җв”Җв”Җв”Җв”Җв”ҙв”Җв”Җв”Җв”Җв”Җв”Җв”Җв”Җв”Җв”Җв”Җв”Җв”ҙв”Җв”Җв”Җв”Җв”Җв”Җв”Җв”Җв”Җв”Җв”Җв”Җв”Җв”Җв”Җв”Җв”ҙв”Җв”Җв”Җв”Җв”Җв”Җв”Җв”Җв”Җв”Җв”Җв”Җв”Җв”Җв”Җв”Җв”ҙв”Җв”Җв”Җв”Җв”Җв”Җв”Җв”Җв”Җв”Җв”Җв”Җв”Җв”Җв”Җв”Җв”ҙв”Җв”Җв”Җв”Җв”Җв”Җв”Җв”Җв”Җв”Җв”Җв”Җв”Җв”Җв”Җв”Җв”ҙв”Җв”Җв”Җв”Җв”Җв”Җв”Җв”Җв”Җв”Җв”Җв”Җв”Җв”Җв”ҙв”Җв”Җв”Җв”Җв”Җв”Җв”Җв”Җв”Җв”Җв”Җв”Җв”Җв”Җв”Җв”Җв”ҳ
2026-04-19 14:28:19 | INFO | P6 | STEP 4. System assessment completed
2026-04-19 14:28:19 | INFO | P6 | STEP 5. Wrote system assessment file: C:\Repos\cintel-06-continuous-intelligence\artifacts\system_assessment_case.csv
2026-04-19 14:28:19 | INFO | P6 | ========================
2026-04-19 14:28:19 | INFO | P6 | Pipeline executed successfully!
2026-04-19 14:28:19 | INFO | P6 | ========================
2026-04-19 14:28:19 | INFO | P6 | END main()
2026-04-19 14:42:06 | INFO | P6 | === RUN START ===
2026-04-19 14:42:06 | INFO | P6 | project=CINTEL
2026-04-19 14:42:06 | INFO | P6 | repo_dir=cintel-06-continuous-intelligence
2026-04-19 14:42:06 | INFO | P6 | python=3.14.0
2026-04-19 14:42:06 | INFO | P6 | os=Windows 11
2026-04-19 14:42:06 | INFO | P6 | shell=powershell
2026-04-19 14:42:06 | INFO | P6 | cwd=.
2026-04-19 14:42:06 | INFO | P6 | github_actions=False
2026-04-19 14:42:06 | INFO | P6 | ========================
2026-04-19 14:42:06 | INFO | P6 | START main()
2026-04-19 14:42:06 | INFO | P6 | ========================
2026-04-19 14:42:06 | INFO | P6 | ROOT_DIR = .
2026-04-19 14:42:06 | INFO | P6 | DATA_FILE = data\system_metrics_case.csv
2026-04-19 14:42:06 | INFO | P6 | OUTPUT_FILE = artifacts\system_assessment_case.csv
2026-04-19 14:42:06 | INFO | P6 | ARTIFACTS_DIR = artifacts
2026-04-19 14:42:06 | INFO | P6 | STEP 1. Loaded 60 system records
2026-04-19 14:42:06 | INFO | P6 | STEP 2. Designing signals from raw metrics...
2026-04-19 14:42:07 | INFO | P6 | STEP 2. Signals designed and graphed
2026-04-19 14:42:07 | INFO | P6 | STEP 3. Checking for anomalies in system signals...
2026-04-19 14:42:07 | INFO | P6 | STEP 3. Using thresholds: MAX_ERROR_RATE=0.05, MAX_AVG_LATENCY=40.0, Z-SCORE_THRESHOLD=2.0
2026-04-19 14:42:07 | INFO | P6 | STEP 3. Anomalies detected: shape: (7, 11)
в”Ңв”Җв”Җв”Җв”Җв”Җв”Җв”Җв”Җв”Җв”Җв”¬в”Җв”Җв”Җв”Җв”Җв”Җв”Җв”Җв”¬в”Җв”Җв”Җв”Җв”Җв”Җв”Җв”Җв”Җв”Җв”Җв”Җв”Җв”Җв”Җв”Җв”Җв”Җв”¬в”Җв”Җв”Җв”Җв”Җв”Җв”Җв”Җв”Җв”Җв”Җв”Җв”¬в”Җв”Җв”Җв”¬в”Җв”Җв”Җв”Җв”Җв”Җв”Җв”Җв”Җв”Җв”Җв”Җв”Җв”Җв”Җв”Җв”Җв”Җв”¬в”Җв”Җв”Җв”Җв”Җв”Җв”Җв”Җв”Җв”Җв”Җв”Җв”Җв”Җв”Җв”Җв”Җв”¬в”Җв”Җв”Җв”Җв”Җв”Җв”Җв”Җв”Җв”Җв”Җв”Җв”Җв”Җв”Җв”Җв”Җв”¬в”Җв”Җв”Җв”Җв”Җв”Җв”Җв”Җв”Җв”Җв”Җв”Җв”Җв”Җв”Җв”Җв”җ
в”Ӯ requests в”Ҷ errors в”Ҷ total_latency_ms в”Ҷ error_rate в”Ҷ вҖҰ в”Ҷ error_rate_roll_ в”Ҷ latency_roll_me в”Ҷ error_rate_zsco в”Ҷ latency_zscore в”Ӯ
в”Ӯ ---      в”Ҷ ---    в”Ҷ ---              в”Ҷ ---        в”Ҷ   в”Ҷ mean             в”Ҷ an              в”Ҷ re              в”Ҷ ---            в”Ӯ
в”Ӯ i64      в”Ҷ i64    в”Ҷ i64              в”Ҷ f64        в”Ҷ   в”Ҷ ---              в”Ҷ ---             в”Ҷ ---             в”Ҷ f64            в”Ӯ
в”Ӯ          в”Ҷ        в”Ҷ                  в”Ҷ            в”Ҷ   в”Ҷ f64              в”Ҷ f64             в”Ҷ f64             в”Ҷ                в”Ӯ
в•һв•җв•җв•җв•җв•җв•җв•җв•җв•җв•җв•Әв•җв•җв•җв•җв•җв•җв•җв•җв•Әв•җв•җв•җв•җв•җв•җв•җв•җв•җв•җв•җв•җв•җв•җв•җв•җв•җв•җв•Әв•җв•җв•җв•җв•җв•җв•җв•җв•җв•җв•җв•җв•Әв•җв•җв•җв•Әв•җв•җв•җв•җв•җв•җв•җв•җв•җв•җв•җв•җв•җв•җв•җв•җв•җв•җв•Әв•җв•җв•җв•җв•җв•җв•җв•җв•җв•җв•җв•җв•җв•җв•җв•җв•җв•Әв•җв•җв•җв•җв•җв•җв•җв•җв•җв•җв•җв•җв•җв•җв•җв•җв•җв•Әв•җв•җв•җв•җв•җв•җв•җв•җв•җв•җв•җв•җв•җв•җв•җв•җв•Ў
в”Ӯ 195      в”Ҷ 9      в”Ҷ 8000             в”Ҷ 0.046154   в”Ҷ вҖҰ в”Ҷ 0.041422         в”Ҷ 39.011181       в”Ҷ 1.399094        в”Ҷ 1.330964       в”Ӯ
в”Ӯ 200      в”Ҷ 10     в”Ҷ 8500             в”Ҷ 0.05       в”Ҷ вҖҰ в”Ҷ 0.04373          в”Ҷ 40.038653       в”Ҷ 1.368789        в”Ҷ 1.347858       в”Ӯ
в”Ӯ 205      в”Ҷ 11     в”Ҷ 9000             в”Ҷ 0.053659   в”Ҷ вҖҰ в”Ҷ 0.046894         в”Ҷ 41.251573       в”Ҷ 1.368505        в”Ҷ 1.322617       в”Ӯ
в”Ӯ 210      в”Ҷ 12     в”Ҷ 9600             в”Ҷ 0.057143   в”Ҷ вҖҰ в”Ҷ 0.049812         в”Ҷ 42.628473       в”Ҷ 1.233199        в”Ҷ 1.358464       в”Ӯ
в”Ӯ 205      в”Ҷ 10     в”Ҷ 9000             в”Ҷ 0.04878    в”Ҷ вҖҰ в”Ҷ 0.051147         в”Ҷ 43.408961       в”Ҷ -0.549844       в”Ҷ 0.281322       в”Ӯ
в”Ӯ 200      в”Ҷ 9      в”Ҷ 8500             в”Ҷ 0.045      в”Ҷ вҖҰ в”Ҷ 0.050916         в”Ҷ 43.703833       в”Ҷ -1.270843       в”Ҷ -0.908764      в”Ӯ
в”Ӯ 195      в”Ҷ 8      в”Ҷ 8000             в”Ҷ 0.041026   в”Ҷ вҖҰ в”Ҷ 0.049122         в”Ҷ 43.408961       в”Ҷ -1.25081        в”Ҷ -1.358685      в”Ӯ
в””в”Җв”Җв”Җв”Җв”Җв”Җв”Җв”Җв”Җв”Җв”ҙв”Җв”Җв”Җв”Җв”Җв”Җв”Җв”Җв”ҙв”Җв”Җв”Җв”Җв”Җв”Җв”Җв”Җв”Җв”Җв”Җв”Җв”Җв”Җв”Җв”Җв”Җв”Җв”ҙв”Җв”Җв”Җв”Җв”Җв”Җв”Җв”Җв”Җв”Җв”Җв”Җв”ҙв”Җв”Җв”Җв”ҙв”Җв”Җв”Җв”Җв”Җв”Җв”Җв”Җв”Җв”Җв”Җв”Җв”Җв”Җв”Җв”Җв”Җв”Җв”ҙв”Җв”Җв”Җв”Җв”Җв”Җв”Җв”Җв”Җв”Җв”Җв”Җв”Җв”Җв”Җв”Җв”Җв”ҙв”Җв”Җв”Җв”Җв”Җв”Җв”Җв”Җв”Җв”Җв”Җв”Җв”Җв”Җв”Җв”Җв”Җв”ҙв”Җв”Җв”Җв”Җв”Җв”Җв”Җв”Җв”Җв”Җв”Җв”Җв”Җв”Җв”Җв”Җв”ҳ
2026-04-19 14:42:07 | INFO | P6 | STEP 4. Summarizing system state from monitored signals...
2026-04-19 14:42:07 | INFO | P6 | STEP 4. System summary:
shape: (1, 8)
в”Ңв”Җв”Җв”Җв”Җв”Җв”Җв”Җв”Җв”Җв”Җв”Җв”Җв”Җв”Җв”¬в”Җв”Җв”Җв”Җв”Җв”Җв”Җв”Җв”Җв”Җв”Җв”Җв”¬в”Җв”Җв”Җв”Җв”Җв”Җв”Җв”Җв”Җв”Җв”Җв”Җв”Җв”Җв”Җв”Җв”¬в”Җв”Җв”Җв”Җв”Җв”Җв”Җв”Җв”Җв”Җв”Җв”Җв”Җв”Җв”Җв”Җв”¬в”Җв”Җв”Җв”Җв”Җв”Җв”Җв”Җв”Җв”Җв”Җв”Җв”Җв”Җв”Җв”Җв”¬в”Җв”Җв”Җв”Җв”Җв”Җв”Җв”Җв”Җв”Җв”Җв”Җв”Җв”Җв”Җв”Җв”¬в”Җв”Җв”Җв”Җв”Җв”Җв”Җв”Җв”Җв”Җв”Җв”Җв”Җв”Җв”¬в”Җв”Җв”Җв”Җв”Җв”Җв”Җв”Җв”Җв”Җв”Җв”Җв”Җв”Җв”Җв”Җв”җ
в”Ӯ avg_requests в”Ҷ avg_errors в”Ҷ avg_error_rate в”Ҷ avg_latency_ms в”Ҷ avg_error_rate в”Ҷ avg_latency_zs в”Ҷ system_state в”Ҷ degradation_re в”Ӯ
в”Ӯ ---          в”Ҷ ---        в”Ҷ ---            в”Ҷ ---            в”Ҷ _zscore        в”Ҷ core           в”Ҷ ---          в”Ҷ ason           в”Ӯ
в”Ӯ f64          в”Ҷ f64        в”Ҷ f64            в”Ҷ f64            в”Ҷ ---            в”Ҷ ---            в”Ҷ str          в”Ҷ ---            в”Ӯ
в”Ӯ              в”Ҷ            в”Ҷ                в”Ҷ                в”Ҷ f64            в”Ҷ f64            в”Ҷ              в”Ҷ str            в”Ӯ
в•һв•җв•җв•җв•җв•җв•җв•җв•җв•җв•җв•җв•җв•җв•җв•Әв•җв•җв•җв•җв•җв•җв•җв•җв•җв•җв•җв•җв•Әв•җв•җв•җв•җв•җв•җв•җв•җв•җв•җв•җв•җв•җв•җв•җв•җв•Әв•җв•җв•җв•җв•җв•җв•җв•җв•җв•җв•җв•җв•җв•җв•җв•җв•Әв•җв•җв•җв•җв•җв•җв•җв•җв•җв•җв•җв•җв•җв•җв•җв•җв•Әв•җв•җв•җв•җв•җв•җв•җв•җв•җв•җв•җв•җв•җв•җв•җв•җв•Әв•җв•җв•җв•җв•җв•җв•җв•җв•җв•җв•җв•җв•җв•җв•Әв•җв•җв•җв•җв•җв•җв•җв•җв•җв•җв•җв•җв•җв•җв•җв•җв•Ў
в”Ӯ 157.35       в”Ҷ 4.433333   в”Ҷ 0.026486       в”Ҷ 33.711554      в”Ҷ 0.139046       в”Ҷ 0.225629       в”Ҷ STABLE       в”Ҷ NONE           в”Ӯ
в””в”Җв”Җв”Җв”Җв”Җв”Җв”Җв”Җв”Җв”Җв”Җв”Җв”Җв”Җв”ҙв”Җв”Җв”Җв”Җв”Җв”Җв”Җв”Җв”Җв”Җв”Җв”Җв”ҙв”Җв”Җв”Җв”Җв”Җв”Җв”Җв”Җв”Җв”Җв”Җв”Җв”Җв”Җв”Җв”Җв”ҙв”Җв”Җв”Җв”Җв”Җв”Җв”Җв”Җв”Җв”Җв”Җв”Җв”Җв”Җв”Җв”Җв”ҙв”Җв”Җв”Җв”Җв”Җв”Җв”Җв”Җв”Җв”Җв”Җв”Җв”Җв”Җв”Җв”Җв”ҙв”Җв”Җв”Җв”Җв”Җв”Җв”Җв”Җв”Җв”Җв”Җв”Җв”Җв”Җв”Җв”Җв”ҙв”Җв”Җв”Җв”Җв”Җв”Җв”Җв”Җв”Җв”Җв”Җв”Җв”Җв”Җв”ҙв”Җв”Җв”Җв”Җв”Җв”Җв”Җв”Җв”Җв”Җв”Җв”Җв”Җв”Җв”Җв”Җв”ҳ
2026-04-19 14:42:07 | INFO | P6 | STEP 4. System assessment completed
2026-04-19 14:42:07 | INFO | P6 | STEP 5. Wrote system assessment file: C:\Repos\cintel-06-continuous-intelligence\artifacts\system_assessment_case.csv
2026-04-19 14:42:07 | INFO | P6 | ========================
2026-04-19 14:42:07 | INFO | P6 | Pipeline executed successfully!
2026-04-19 14:42:07 | INFO | P6 | ========================
2026-04-19 14:42:07 | INFO | P6 | END main()
2026-04-19 14:43:02 | INFO | P6 | === RUN START ===
2026-04-19 14:43:02 | INFO | P6 | project=CINTEL
2026-04-19 14:43:02 | INFO | P6 | repo_dir=cintel-06-continuous-intelligence
2026-04-19 14:43:02 | INFO | P6 | python=3.14.0
2026-04-19 14:43:02 | INFO | P6 | os=Windows 11
2026-04-19 14:43:02 | INFO | P6 | shell=powershell
2026-04-19 14:43:02 | INFO | P6 | cwd=.
2026-04-19 14:43:02 | INFO | P6 | github_actions=False
2026-04-19 14:43:02 | INFO | P6 | ========================
2026-04-19 14:43:02 | INFO | P6 | START main()
2026-04-19 14:43:02 | INFO | P6 | ========================
2026-04-19 14:43:02 | INFO | P6 | ROOT_DIR = .
2026-04-19 14:43:02 | INFO | P6 | DATA_FILE = data\system_metrics_case.csv
2026-04-19 14:43:02 | INFO | P6 | OUTPUT_FILE = artifacts\system_assessment_case.csv
2026-04-19 14:43:02 | INFO | P6 | ARTIFACTS_DIR = artifacts
2026-04-19 14:43:02 | INFO | P6 | STEP 1. Loaded 60 system records
2026-04-19 14:43:03 | INFO | P6 | STEP 2. Designing signals from raw metrics...
2026-04-19 14:43:04 | INFO | P6 | STEP 2. Signals designed and graphed
2026-04-19 14:43:04 | INFO | P6 | STEP 3. Checking for anomalies in system signals...
2026-04-19 14:43:04 | INFO | P6 | STEP 3. Using thresholds: MAX_ERROR_RATE=0.05, MAX_AVG_LATENCY=40.0, Z-SCORE_THRESHOLD=2.0
2026-04-19 14:43:04 | INFO | P6 | STEP 3. Anomalies detected: shape: (7, 11)
в”Ңв”Җв”Җв”Җв”Җв”Җв”Җв”Җв”Җв”Җв”Җв”¬в”Җв”Җв”Җв”Җв”Җв”Җв”Җв”Җв”¬в”Җв”Җв”Җв”Җв”Җв”Җв”Җв”Җв”Җв”Җв”Җв”Җв”Җв”Җв”Җв”Җв”Җв”Җв”¬в”Җв”Җв”Җв”Җв”Җв”Җв”Җв”Җв”Җв”Җв”Җв”Җв”¬в”Җв”Җв”Җв”¬в”Җв”Җв”Җв”Җв”Җв”Җв”Җв”Җв”Җв”Җв”Җв”Җв”Җв”Җв”Җв”Җв”Җв”Җв”¬в”Җв”Җв”Җв”Җв”Җв”Җв”Җв”Җв”Җв”Җв”Җв”Җв”Җв”Җв”Җв”Җв”Җв”¬в”Җв”Җв”Җв”Җв”Җв”Җв”Җв”Җв”Җв”Җв”Җв”Җв”Җв”Җв”Җв”Җв”Җв”¬в”Җв”Җв”Җв”Җв”Җв”Җв”Җв”Җв”Җв”Җв”Җв”Җв”Җв”Җв”Җв”Җв”җ
в”Ӯ requests в”Ҷ errors в”Ҷ total_latency_ms в”Ҷ error_rate в”Ҷ вҖҰ в”Ҷ error_rate_roll_ в”Ҷ latency_roll_me в”Ҷ error_rate_zsco в”Ҷ latency_zscore в”Ӯ
в”Ӯ ---      в”Ҷ ---    в”Ҷ ---              в”Ҷ ---        в”Ҷ   в”Ҷ mean             в”Ҷ an              в”Ҷ re              в”Ҷ ---            в”Ӯ
в”Ӯ i64      в”Ҷ i64    в”Ҷ i64              в”Ҷ f64        в”Ҷ   в”Ҷ ---              в”Ҷ ---             в”Ҷ ---             в”Ҷ f64            в”Ӯ
в”Ӯ          в”Ҷ        в”Ҷ                  в”Ҷ            в”Ҷ   в”Ҷ f64              в”Ҷ f64             в”Ҷ f64             в”Ҷ                в”Ӯ
в•һв•җв•җв•җв•җв•җв•җв•җв•җв•җв•җв•Әв•җв•җв•җв•җв•җв•җв•җв•җв•Әв•җв•җв•җв•җв•җв•җв•җв•җв•җв•җв•җв•җв•җв•җв•җв•җв•җв•җв•Әв•җв•җв•җв•җв•җв•җв•җв•җв•җв•җв•җв•җв•Әв•җв•җв•җв•Әв•җв•җв•җв•җв•җв•җв•җв•җв•җв•җв•җв•җв•җв•җв•җв•җв•җв•җв•Әв•җв•җв•җв•җв•җв•җв•җв•җв•җв•җв•җв•җв•җв•җв•җв•җв•җв•Әв•җв•җв•җв•җв•җв•җв•җв•җв•җв•җв•җв•җв•җв•җв•җв•җв•җв•Әв•җв•җв•җв•җв•җв•җв•җв•җв•җв•җв•җв•җв•җв•җв•җв•җв•Ў
в”Ӯ 195      в”Ҷ 9      в”Ҷ 8000             в”Ҷ 0.046154   в”Ҷ вҖҰ в”Ҷ 0.041422         в”Ҷ 39.011181       в”Ҷ 1.399094        в”Ҷ 1.330964       в”Ӯ
в”Ӯ 200      в”Ҷ 10     в”Ҷ 8500             в”Ҷ 0.05       в”Ҷ вҖҰ в”Ҷ 0.04373          в”Ҷ 40.038653       в”Ҷ 1.368789        в”Ҷ 1.347858       в”Ӯ
в”Ӯ 205      в”Ҷ 11     в”Ҷ 9000             в”Ҷ 0.053659   в”Ҷ вҖҰ в”Ҷ 0.046894         в”Ҷ 41.251573       в”Ҷ 1.368505        в”Ҷ 1.322617       в”Ӯ
в”Ӯ 210      в”Ҷ 12     в”Ҷ 9600             в”Ҷ 0.057143   в”Ҷ вҖҰ в”Ҷ 0.049812         в”Ҷ 42.628473       в”Ҷ 1.233199        в”Ҷ 1.358464       в”Ӯ
в”Ӯ 205      в”Ҷ 10     в”Ҷ 9000             в”Ҷ 0.04878    в”Ҷ вҖҰ в”Ҷ 0.051147         в”Ҷ 43.408961       в”Ҷ -0.549844       в”Ҷ 0.281322       в”Ӯ
в”Ӯ 200      в”Ҷ 9      в”Ҷ 8500             в”Ҷ 0.045      в”Ҷ вҖҰ в”Ҷ 0.050916         в”Ҷ 43.703833       в”Ҷ -1.270843       в”Ҷ -0.908764      в”Ӯ
в”Ӯ 195      в”Ҷ 8      в”Ҷ 8000             в”Ҷ 0.041026   в”Ҷ вҖҰ в”Ҷ 0.049122         в”Ҷ 43.408961       в”Ҷ -1.25081        в”Ҷ -1.358685      в”Ӯ
в””в”Җв”Җв”Җв”Җв”Җв”Җв”Җв”Җв”Җв”Җв”ҙв”Җв”Җв”Җв”Җв”Җв”Җв”Җв”Җв”ҙв”Җв”Җв”Җв”Җв”Җв”Җв”Җв”Җв”Җв”Җв”Җв”Җв”Җв”Җв”Җв”Җв”Җв”Җв”ҙв”Җв”Җв”Җв”Җв”Җв”Җв”Җв”Җв”Җв”Җв”Җв”Җв”ҙв”Җв”Җв”Җв”ҙв”Җв”Җв”Җв”Җв”Җв”Җв”Җв”Җв”Җв”Җв”Җв”Җв”Җв”Җв”Җв”Җв”Җв”Җв”ҙв”Җв”Җв”Җв”Җв”Җв”Җв”Җв”Җв”Җв”Җв”Җв”Җв”Җв”Җв”Җв”Җв”Җв”ҙв”Җв”Җв”Җв”Җв”Җв”Җв”Җв”Җв”Җв”Җв”Җв”Җв”Җв”Җв”Җв”Җв”Җв”ҙв”Җв”Җв”Җв”Җв”Җв”Җв”Җв”Җв”Җв”Җв”Җв”Җв”Җв”Җв”Җв”Җв”ҳ
2026-04-19 14:43:04 | INFO | P6 | STEP 4. Summarizing system state from monitored signals...
2026-04-19 14:43:04 | INFO | P6 | STEP 4. System summary:
shape: (1, 8)
в”Ңв”Җв”Җв”Җв”Җв”Җв”Җв”Җв”Җв”Җв”Җв”Җв”Җв”Җв”Җв”¬в”Җв”Җв”Җв”Җв”Җв”Җв”Җв”Җв”Җв”Җв”Җв”Җв”¬в”Җв”Җв”Җв”Җв”Җв”Җв”Җв”Җв”Җв”Җв”Җв”Җв”Җв”Җв”Җв”Җв”¬в”Җв”Җв”Җв”Җв”Җв”Җв”Җв”Җв”Җв”Җв”Җв”Җв”Җв”Җв”Җв”Җв”¬в”Җв”Җв”Җв”Җв”Җв”Җв”Җв”Җв”Җв”Җв”Җв”Җв”Җв”Җв”Җв”Җв”¬в”Җв”Җв”Җв”Җв”Җв”Җв”Җв”Җв”Җв”Җв”Җв”Җв”Җв”Җв”Җв”Җв”¬в”Җв”Җв”Җв”Җв”Җв”Җв”Җв”Җв”Җв”Җв”Җв”Җв”Җв”Җв”¬в”Җв”Җв”Җв”Җв”Җв”Җв”Җв”Җв”Җв”Җв”Җв”Җв”Җв”Җв”Җв”Җв”җ
в”Ӯ avg_requests в”Ҷ avg_errors в”Ҷ avg_error_rate в”Ҷ avg_latency_ms в”Ҷ avg_error_rate в”Ҷ avg_latency_zs в”Ҷ system_state в”Ҷ degradation_re в”Ӯ
в”Ӯ ---          в”Ҷ ---        в”Ҷ ---            в”Ҷ ---            в”Ҷ _zscore        в”Ҷ core           в”Ҷ ---          в”Ҷ ason           в”Ӯ
в”Ӯ f64          в”Ҷ f64        в”Ҷ f64            в”Ҷ f64            в”Ҷ ---            в”Ҷ ---            в”Ҷ str          в”Ҷ ---            в”Ӯ
в”Ӯ              в”Ҷ            в”Ҷ                в”Ҷ                в”Ҷ f64            в”Ҷ f64            в”Ҷ              в”Ҷ str            в”Ӯ
в•һв•җв•җв•җв•җв•җв•җв•җв•җв•җв•җв•җв•җв•җв•җв•Әв•җв•җв•җв•җв•җв•җв•җв•җв•җв•җв•җв•җв•Әв•җв•җв•җв•җв•җв•җв•җв•җв•җв•җв•җв•җв•җв•җв•җв•җв•Әв•җв•җв•җв•җв•җв•җв•җв•җв•җв•җв•җв•җв•җв•җв•җв•җв•Әв•җв•җв•җв•җв•җв•җв•җв•җв•җв•җв•җв•җв•җв•җв•җв•җв•Әв•җв•җв•җв•җв•җв•җв•җв•җв•җв•җв•җв•җв•җв•җв•җв•җв•Әв•җв•җв•җв•җв•җв•җв•җв•җв•җв•җв•җв•җв•җв•җв•Әв•җв•җв•җв•җв•җв•җв•җв•җв•җв•җв•җв•җв•җв•җв•җв•җв•Ў
в”Ӯ 157.35       в”Ҷ 4.433      в”Ҷ 0.026          в”Ҷ 33.712         в”Ҷ 0.139          в”Ҷ 0.226          в”Ҷ STABLE       в”Ҷ NONE           в”Ӯ
в””в”Җв”Җв”Җв”Җв”Җв”Җв”Җв”Җв”Җв”Җв”Җв”Җв”Җв”Җв”ҙв”Җв”Җв”Җв”Җв”Җв”Җв”Җв”Җв”Җв”Җв”Җв”Җв”ҙв”Җв”Җв”Җв”Җв”Җв”Җв”Җв”Җв”Җв”Җв”Җв”Җв”Җв”Җв”Җв”Җв”ҙв”Җв”Җв”Җв”Җв”Җв”Җв”Җв”Җв”Җв”Җв”Җв”Җв”Җв”Җв”Җв”Җв”ҙв”Җв”Җв”Җв”Җв”Җв”Җв”Җв”Җв”Җв”Җв”Җв”Җв”Җв”Җв”Җв”Җв”ҙв”Җв”Җв”Җв”Җв”Җв”Җв”Җв”Җв”Җв”Җв”Җв”Җв”Җв”Җв”Җв”Җв”ҙв”Җв”Җв”Җв”Җв”Җв”Җв”Җв”Җв”Җв”Җв”Җв”Җв”Җв”Җв”ҙв”Җв”Җв”Җв”Җв”Җв”Җв”Җв”Җв”Җв”Җв”Җв”Җв”Җв”Җв”Җв”Җв”ҳ
2026-04-19 14:43:04 | INFO | P6 | STEP 4. System assessment completed
2026-04-19 14:43:04 | INFO | P6 | STEP 5. Wrote system assessment file: C:\Repos\cintel-06-continuous-intelligence\artifacts\system_assessment_case.csv
2026-04-19 14:43:04 | INFO | P6 | ========================
2026-04-19 14:43:04 | INFO | P6 | Pipeline executed successfully!
2026-04-19 14:43:04 | INFO | P6 | ========================
2026-04-19 14:43:04 | INFO | P6 | END main()
2026-04-19 14:45:33 | INFO | P6 | === RUN START ===
2026-04-19 14:45:33 | INFO | P6 | project=CINTEL
2026-04-19 14:45:33 | INFO | P6 | repo_dir=cintel-06-continuous-intelligence
2026-04-19 14:45:33 | INFO | P6 | python=3.14.0
2026-04-19 14:45:33 | INFO | P6 | os=Windows 11
2026-04-19 14:45:33 | INFO | P6 | shell=powershell
2026-04-19 14:45:33 | INFO | P6 | cwd=.
2026-04-19 14:45:33 | INFO | P6 | github_actions=False
2026-04-19 14:45:33 | INFO | P6 | ========================
2026-04-19 14:45:33 | INFO | P6 | START main()
2026-04-19 14:45:33 | INFO | P6 | ========================
2026-04-19 14:45:33 | INFO | P6 | ROOT_DIR = .
2026-04-19 14:45:33 | INFO | P6 | DATA_FILE = data\system_metrics_case.csv
2026-04-19 14:45:33 | INFO | P6 | OUTPUT_FILE = artifacts\system_assessment_case.csv
2026-04-19 14:45:33 | INFO | P6 | ARTIFACTS_DIR = artifacts
2026-04-19 14:45:33 | INFO | P6 | STEP 1. Loaded 60 system records
2026-04-19 14:45:34 | INFO | P6 | STEP 2. Designing signals from raw metrics...
2026-04-19 14:45:35 | INFO | P6 | STEP 2. Signals designed and graphed
2026-04-19 14:45:35 | INFO | P6 | STEP 3. Checking for anomalies in system signals...
2026-04-19 14:45:35 | INFO | P6 | STEP 3. Using thresholds: MAX_ERROR_RATE=0.05, MAX_AVG_LATENCY=36.0, Z-SCORE_THRESHOLD=2.0
2026-04-19 14:45:35 | INFO | P6 | STEP 3. Anomalies detected: shape: (17, 11)
в”Ңв”Җв”Җв”Җв”Җв”Җв”Җв”Җв”Җв”Җв”Җв”¬в”Җв”Җв”Җв”Җв”Җв”Җв”Җв”Җв”¬в”Җв”Җв”Җв”Җв”Җв”Җв”Җв”Җв”Җв”Җв”Җв”Җв”Җв”Җв”Җв”Җв”Җв”Җв”¬в”Җв”Җв”Җв”Җв”Җв”Җв”Җв”Җв”Җв”Җв”Җв”Җв”¬в”Җв”Җв”Җв”¬в”Җв”Җв”Җв”Җв”Җв”Җв”Җв”Җв”Җв”Җв”Җв”Җв”Җв”Җв”Җв”Җв”Җв”Җв”¬в”Җв”Җв”Җв”Җв”Җв”Җв”Җв”Җв”Җв”Җв”Җв”Җв”Җв”Җв”Җв”Җв”Җв”¬в”Җв”Җв”Җв”Җв”Җв”Җв”Җв”Җв”Җв”Җв”Җв”Җв”Җв”Җв”Җв”Җв”Җв”¬в”Җв”Җв”Җв”Җв”Җв”Җв”Җв”Җв”Җв”Җв”Җв”Җв”Җв”Җв”Җв”Җв”җ
в”Ӯ requests в”Ҷ errors в”Ҷ total_latency_ms в”Ҷ error_rate в”Ҷ вҖҰ в”Ҷ error_rate_roll_ в”Ҷ latency_roll_me в”Ҷ error_rate_zsco в”Ҷ latency_zscore в”Ӯ
в”Ӯ ---      в”Ҷ ---    в”Ҷ ---              в”Ҷ ---        в”Ҷ   в”Ҷ mean             в”Ҷ an              в”Ҷ re              в”Ҷ ---            в”Ӯ
в”Ӯ i64      в”Ҷ i64    в”Ҷ i64              в”Ҷ f64        в”Ҷ   в”Ҷ ---              в”Ҷ ---             в”Ҷ ---             в”Ҷ f64            в”Ӯ
в”Ӯ          в”Ҷ        в”Ҷ                  в”Ҷ            в”Ҷ   в”Ҷ f64              в”Ҷ f64             в”Ҷ f64             в”Ҷ                в”Ӯ
в•һв•җв•җв•җв•җв•җв•җв•җв•җв•җв•җв•Әв•җв•җв•җв•җв•җв•җв•җв•җв•Әв•җв•җв•җв•җв•җв•җв•җв•җв•җв•җв•җв•җв•җв•җв•җв•җв•җв•җв•Әв•җв•җв•җв•җв•җв•җв•җв•җв•җв•җв•җв•җв•Әв•җв•җв•җв•Әв•җв•җв•җв•җв•җв•җв•җв•җв•җв•җв•җв•җв•җв•җв•җв•җв•җв•җв•Әв•җв•җв•җв•җв•җв•җв•җв•җв•җв•җв•җв•җв•җв•җв•җв•җв•җв•Әв•җв•җв•җв•җв•җв•җв•җв•җв•җв•җв•җв•җв•җв•җв•җв•җв•җв•Әв•җв•җв•җв•җв•җв•җв•җв•җв•җв•җв•җв•җв•җв•җв•җв•җв•Ў
в”Ӯ 180      в”Ҷ 6      в”Ҷ 6500             в”Ҷ 0.033333   в”Ҷ вҖҰ в”Ҷ 0.031962         в”Ҷ 34.956297       в”Ҷ 0.546509        в”Ҷ 1.414695       в”Ӯ
в”Ӯ 182      в”Ҷ 7      в”Ҷ 6800             в”Ҷ 0.038462   в”Ҷ вҖҰ в”Ҷ 0.033772         в”Ҷ 35.605295       в”Ҷ 1.405092        в”Ҷ 1.479094       в”Ӯ
в”Ӯ 185      в”Ҷ 7      в”Ҷ 7000             в”Ҷ 0.037838   в”Ҷ вҖҰ в”Ҷ 0.035525         в”Ҷ 36.312398       в”Ҷ 0.951798        в”Ҷ 1.202863       в”Ӯ
в”Ӯ 188      в”Ҷ 8      в”Ҷ 7300             в”Ҷ 0.042553   в”Ҷ вҖҰ в”Ҷ 0.037179         в”Ҷ 37.106926       в”Ҷ 1.413851        в”Ҷ 1.258521       в”Ӯ
в”Ӯ 190      в”Ҷ 8      в”Ҷ 7600             в”Ҷ 0.042105   в”Ҷ вҖҰ в”Ҷ 0.038858         в”Ҷ 38.028275       в”Ҷ 0.868434        в”Ҷ 1.338111       в”Ӯ
в”Ӯ вҖҰ        в”Ҷ вҖҰ      в”Ҷ вҖҰ                в”Ҷ вҖҰ          в”Ҷ вҖҰ в”Ҷ вҖҰ                в”Ҷ вҖҰ               в”Ҷ вҖҰ               в”Ҷ вҖҰ              в”Ӯ
в”Ӯ 190      в”Ҷ 7      в”Ҷ 7600             в”Ҷ 0.036842   в”Ҷ вҖҰ в”Ҷ 0.045758         в”Ҷ 42.628473       в”Ҷ -1.148167       в”Ҷ -1.15713       в”Ӯ
в”Ӯ 185      в”Ҷ 6      в”Ҷ 7200             в”Ҷ 0.032432   в”Ҷ вҖҰ в”Ҷ 0.040816         в”Ҷ 41.2694         в”Ҷ -1.297272       в”Ҷ -1.188582      в”Ӯ
в”Ӯ 180      в”Ҷ 5      в”Ҷ 6800             в”Ҷ 0.027778   в”Ҷ вҖҰ в”Ҷ 0.036616         в”Ҷ 40.044468       в”Ҷ -1.298122       в”Ҷ -1.238468      в”Ӯ
в”Ӯ 175      в”Ҷ 5      в”Ҷ 6500             в”Ҷ 0.028571   в”Ҷ вҖҰ в”Ҷ 0.03333          в”Ҷ 38.973039       в”Ҷ -0.84839        в”Ҷ -1.154685      в”Ӯ
в”Ӯ 170      в”Ҷ 4      в”Ҷ 6200             в”Ҷ 0.023529   в”Ҷ вҖҰ в”Ҷ 0.029831         в”Ҷ 38.062028       в”Ҷ -1.251296       в”Ҷ -1.128968      в”Ӯ
в””в”Җв”Җв”Җв”Җв”Җв”Җв”Җв”Җв”Җв”Җв”ҙв”Җв”Җв”Җв”Җв”Җв”Җв”Җв”Җв”ҙв”Җв”Җв”Җв”Җв”Җв”Җв”Җв”Җв”Җв”Җв”Җв”Җв”Җв”Җв”Җв”Җв”Җв”Җв”ҙв”Җв”Җв”Җв”Җв”Җв”Җв”Җв”Җв”Җв”Җв”Җв”Җв”ҙв”Җв”Җв”Җв”ҙв”Җв”Җв”Җв”Җв”Җв”Җв”Җв”Җв”Җв”Җв”Җв”Җв”Җв”Җв”Җв”Җв”Җв”Җв”ҙв”Җв”Җв”Җв”Җв”Җв”Җв”Җв”Җв”Җв”Җв”Җв”Җв”Җв”Җв”Җв”Җв”Җв”ҙв”Җв”Җв”Җв”Җв”Җв”Җв”Җв”Җв”Җв”Җв”Җв”Җв”Җв”Җв”Җв”Җв”Җв”ҙв”Җв”Җв”Җв”Җв”Җв”Җв”Җв”Җв”Җв”Җв”Җв”Җв”Җв”Җв”Җв”Җв”ҳ
2026-04-19 14:45:35 | INFO | P6 | STEP 4. Summarizing system state from monitored signals...
2026-04-19 14:45:35 | INFO | P6 | STEP 4. System summary:
shape: (1, 8)
в”Ңв”Җв”Җв”Җв”Җв”Җв”Җв”Җв”Җв”Җв”Җв”Җв”Җв”Җв”Җв”¬в”Җв”Җв”Җв”Җв”Җв”Җв”Җв”Җв”Җв”Җв”Җв”Җв”¬в”Җв”Җв”Җв”Җв”Җв”Җв”Җв”Җв”Җв”Җв”Җв”Җв”Җв”Җв”Җв”Җв”¬в”Җв”Җв”Җв”Җв”Җв”Җв”Җв”Җв”Җв”Җв”Җв”Җв”Җв”Җв”Җв”Җв”¬в”Җв”Җв”Җв”Җв”Җв”Җв”Җв”Җв”Җв”Җв”Җв”Җв”Җв”Җв”Җв”Җв”¬в”Җв”Җв”Җв”Җв”Җв”Җв”Җв”Җв”Җв”Җв”Җв”Җв”Җв”Җв”Җв”Җв”¬в”Җв”Җв”Җв”Җв”Җв”Җв”Җв”Җв”Җв”Җв”Җв”Җв”Җв”Җв”¬в”Җв”Җв”Җв”Җв”Җв”Җв”Җв”Җв”Җв”Җв”Җв”Җв”Җв”Җв”Җв”Җв”җ
в”Ӯ avg_requests в”Ҷ avg_errors в”Ҷ avg_error_rate в”Ҷ avg_latency_ms в”Ҷ avg_error_rate в”Ҷ avg_latency_zs в”Ҷ system_state в”Ҷ degradation_re в”Ӯ
в”Ӯ ---          в”Ҷ ---        в”Ҷ ---            в”Ҷ ---            в”Ҷ _zscore        в”Ҷ core           в”Ҷ ---          в”Ҷ ason           в”Ӯ
в”Ӯ f64          в”Ҷ f64        в”Ҷ f64            в”Ҷ f64            в”Ҷ ---            в”Ҷ ---            в”Ҷ str          в”Ҷ ---            в”Ӯ
в”Ӯ              в”Ҷ            в”Ҷ                в”Ҷ                в”Ҷ f64            в”Ҷ f64            в”Ҷ              в”Ҷ str            в”Ӯ
в•һв•җв•җв•җв•җв•җв•җв•җв•җв•җв•җв•җв•җв•җв•җв•Әв•җв•җв•җв•җв•җв•җв•җв•җв•җв•җв•җв•җв•Әв•җв•җв•җв•җв•җв•җв•җв•җв•җв•җв•җв•җв•җв•җв•җв•җв•Әв•җв•җв•җв•җв•җв•җв•җв•җв•җв•җв•җв•җв•җв•җв•җв•җв•Әв•җв•җв•җв•җв•җв•җв•җв•җв•җв•җв•җв•җв•җв•җв•җв•җв•Әв•җв•җв•җв•җв•җв•җв•җв•җв•җв•җв•җв•җв•җв•җв•җв•җв•Әв•җв•җв•җв•җв•җв•җв•җв•җв•җв•җв•җв•җв•җв•җв•Әв•җв•җв•җв•җв•җв•җв•җв•җв•җв•җв•җв•җв•җв•җв•җв•җв•Ў
в”Ӯ 157.35       в”Ҷ 4.433      в”Ҷ 0.026          в”Ҷ 33.712         в”Ҷ 0.139          в”Ҷ 0.226          в”Ҷ STABLE       в”Ҷ NONE           в”Ӯ
в””в”Җв”Җв”Җв”Җв”Җв”Җв”Җв”Җв”Җв”Җв”Җв”Җв”Җв”Җв”ҙв”Җв”Җв”Җв”Җв”Җв”Җв”Җв”Җв”Җв”Җв”Җв”Җв”ҙв”Җв”Җв”Җв”Җв”Җв”Җв”Җв”Җв”Җв”Җв”Җв”Җв”Җв”Җв”Җв”Җв”ҙв”Җв”Җв”Җв”Җв”Җв”Җв”Җв”Җв”Җв”Җв”Җв”Җв”Җв”Җв”Җв”Җв”ҙв”Җв”Җв”Җв”Җв”Җв”Җв”Җв”Җв”Җв”Җв”Җв”Җв”Җв”Җв”Җв”Җв”ҙв”Җв”Җв”Җв”Җв”Җв”Җв”Җв”Җв”Җв”Җв”Җв”Җв”Җв”Җв”Җв”Җв”ҙв”Җв”Җв”Җв”Җв”Җв”Җв”Җв”Җв”Җв”Җв”Җв”Җв”Җв”Җв”ҙв”Җв”Җв”Җв”Җв”Җв”Җв”Җв”Җв”Җв”Җв”Җв”Җв”Җв”Җв”Җв”Җв”ҳ
2026-04-19 14:45:35 | INFO | P6 | STEP 4. System assessment completed
2026-04-19 14:45:35 | INFO | P6 | STEP 5. Wrote system assessment file: C:\Repos\cintel-06-continuous-intelligence\artifacts\system_assessment_case.csv
2026-04-19 14:45:35 | INFO | P6 | ========================
2026-04-19 14:45:35 | INFO | P6 | Pipeline executed successfully!
2026-04-19 14:45:35 | INFO | P6 | ========================
2026-04-19 14:45:35 | INFO | P6 | END main()
2026-04-19 14:52:15 | INFO | P6 | === RUN START ===
2026-04-19 14:52:15 | INFO | P6 | project=CINTEL
2026-04-19 14:52:15 | INFO | P6 | repo_dir=cintel-06-continuous-intelligence
2026-04-19 14:52:15 | INFO | P6 | python=3.14.0
2026-04-19 14:52:15 | INFO | P6 | os=Windows 11
2026-04-19 14:52:15 | INFO | P6 | shell=powershell
2026-04-19 14:52:15 | INFO | P6 | cwd=.
2026-04-19 14:52:15 | INFO | P6 | github_actions=False
2026-04-19 14:52:15 | INFO | P6 | ========================
2026-04-19 14:52:15 | INFO | P6 | START main()
2026-04-19 14:52:15 | INFO | P6 | ========================
2026-04-19 14:52:15 | INFO | P6 | ROOT_DIR = .
2026-04-19 14:52:15 | INFO | P6 | DATA_FILE = data\system_metrics_case.csv
2026-04-19 14:52:15 | INFO | P6 | OUTPUT_FILE = artifacts\system_assessment_alex.csv
2026-04-19 14:52:15 | INFO | P6 | ARTIFACTS_DIR = artifacts
2026-04-19 14:52:15 | INFO | P6 | STEP 1. Loaded 60 system records
2026-04-19 14:52:16 | INFO | P6 | STEP 2. Designing signals from raw metrics...
2026-04-19 14:52:17 | INFO | P6 | STEP 2. Signals designed and graphed
2026-04-19 14:52:17 | INFO | P6 | STEP 3. Checking for anomalies in system signals...
2026-04-19 14:52:17 | INFO | P6 | STEP 3. Using thresholds: MAX_ERROR_RATE=0.05, MAX_AVG_LATENCY=36.0, Z-SCORE_THRESHOLD=2.0
2026-04-19 14:52:17 | INFO | P6 | STEP 3. Anomalies detected: shape: (17, 11)
в”Ңв”Җв”Җв”Җв”Җв”Җв”Җв”Җв”Җв”Җв”Җв”¬в”Җв”Җв”Җв”Җв”Җв”Җв”Җв”Җв”¬в”Җв”Җв”Җв”Җв”Җв”Җв”Җв”Җв”Җв”Җв”Җв”Җв”Җв”Җв”Җв”Җв”Җв”Җв”¬в”Җв”Җв”Җв”Җв”Җв”Җв”Җв”Җв”Җв”Җв”Җв”Җв”¬в”Җв”Җв”Җв”¬в”Җв”Җв”Җв”Җв”Җв”Җв”Җв”Җв”Җв”Җв”Җв”Җв”Җв”Җв”Җв”Җв”Җв”Җв”¬в”Җв”Җв”Җв”Җв”Җв”Җв”Җв”Җв”Җв”Җв”Җв”Җв”Җв”Җв”Җв”Җв”Җв”¬в”Җв”Җв”Җв”Җв”Җв”Җв”Җв”Җв”Җв”Җв”Җв”Җв”Җв”Җв”Җв”Җв”Җв”¬в”Җв”Җв”Җв”Җв”Җв”Җв”Җв”Җв”Җв”Җв”Җв”Җв”Җв”Җв”Җв”Җв”җ
в”Ӯ requests в”Ҷ errors в”Ҷ total_latency_ms в”Ҷ error_rate в”Ҷ вҖҰ в”Ҷ error_rate_roll_ в”Ҷ latency_roll_me в”Ҷ error_rate_zsco в”Ҷ latency_zscore в”Ӯ
в”Ӯ ---      в”Ҷ ---    в”Ҷ ---              в”Ҷ ---        в”Ҷ   в”Ҷ mean             в”Ҷ an              в”Ҷ re              в”Ҷ ---            в”Ӯ
в”Ӯ i64      в”Ҷ i64    в”Ҷ i64              в”Ҷ f64        в”Ҷ   в”Ҷ ---              в”Ҷ ---             в”Ҷ ---             в”Ҷ f64            в”Ӯ
в”Ӯ          в”Ҷ        в”Ҷ                  в”Ҷ            в”Ҷ   в”Ҷ f64              в”Ҷ f64             в”Ҷ f64             в”Ҷ                в”Ӯ
в•һв•җв•җв•җв•җв•җв•җв•җв•җв•җв•җв•Әв•җв•җв•җв•җв•җв•җв•җв•җв•Әв•җв•җв•җв•җв•җв•җв•җв•җв•җв•җв•җв•җв•җв•җв•җв•җв•җв•җв•Әв•җв•җв•җв•җв•җв•җв•җв•җв•җв•җв•җв•җв•Әв•җв•җв•җв•Әв•җв•җв•җв•җв•җв•җв•җв•җв•җв•җв•җв•җв•җв•җв•җв•җв•җв•җв•Әв•җв•җв•җв•җв•җв•җв•җв•җв•җв•җв•җв•җв•җв•җв•җв•җв•җв•Әв•җв•җв•җв•җв•җв•җв•җв•җв•җв•җв•җв•җв•җв•җв•җв•җв•җв•Әв•җв•җв•җв•җв•җв•җв•җв•җв•җв•җв•җв•җв•җв•җв•җв•җв•Ў
в”Ӯ 180      в”Ҷ 6      в”Ҷ 6500             в”Ҷ 0.033333   в”Ҷ вҖҰ в”Ҷ 0.031962         в”Ҷ 34.956297       в”Ҷ 0.546509        в”Ҷ 1.414695       в”Ӯ
в”Ӯ 182      в”Ҷ 7      в”Ҷ 6800             в”Ҷ 0.038462   в”Ҷ вҖҰ в”Ҷ 0.033772         в”Ҷ 35.605295       в”Ҷ 1.405092        в”Ҷ 1.479094       в”Ӯ
в”Ӯ 185      в”Ҷ 7      в”Ҷ 7000             в”Ҷ 0.037838   в”Ҷ вҖҰ в”Ҷ 0.035525         в”Ҷ 36.312398       в”Ҷ 0.951798        в”Ҷ 1.202863       в”Ӯ
в”Ӯ 188      в”Ҷ 8      в”Ҷ 7300             в”Ҷ 0.042553   в”Ҷ вҖҰ в”Ҷ 0.037179         в”Ҷ 37.106926       в”Ҷ 1.413851        в”Ҷ 1.258521       в”Ӯ
в”Ӯ 190      в”Ҷ 8      в”Ҷ 7600             в”Ҷ 0.042105   в”Ҷ вҖҰ в”Ҷ 0.038858         в”Ҷ 38.028275       в”Ҷ 0.868434        в”Ҷ 1.338111       в”Ӯ
в”Ӯ вҖҰ        в”Ҷ вҖҰ      в”Ҷ вҖҰ                в”Ҷ вҖҰ          в”Ҷ вҖҰ в”Ҷ вҖҰ                в”Ҷ вҖҰ               в”Ҷ вҖҰ               в”Ҷ вҖҰ              в”Ӯ
в”Ӯ 190      в”Ҷ 7      в”Ҷ 7600             в”Ҷ 0.036842   в”Ҷ вҖҰ в”Ҷ 0.045758         в”Ҷ 42.628473       в”Ҷ -1.148167       в”Ҷ -1.15713       в”Ӯ
в”Ӯ 185      в”Ҷ 6      в”Ҷ 7200             в”Ҷ 0.032432   в”Ҷ вҖҰ в”Ҷ 0.040816         в”Ҷ 41.2694         в”Ҷ -1.297272       в”Ҷ -1.188582      в”Ӯ
в”Ӯ 180      в”Ҷ 5      в”Ҷ 6800             в”Ҷ 0.027778   в”Ҷ вҖҰ в”Ҷ 0.036616         в”Ҷ 40.044468       в”Ҷ -1.298122       в”Ҷ -1.238468      в”Ӯ
в”Ӯ 175      в”Ҷ 5      в”Ҷ 6500             в”Ҷ 0.028571   в”Ҷ вҖҰ в”Ҷ 0.03333          в”Ҷ 38.973039       в”Ҷ -0.84839        в”Ҷ -1.154685      в”Ӯ
в”Ӯ 170      в”Ҷ 4      в”Ҷ 6200             в”Ҷ 0.023529   в”Ҷ вҖҰ в”Ҷ 0.029831         в”Ҷ 38.062028       в”Ҷ -1.251296       в”Ҷ -1.128968      в”Ӯ
в””в”Җв”Җв”Җв”Җв”Җв”Җв”Җв”Җв”Җв”Җв”ҙв”Җв”Җв”Җв”Җв”Җв”Җв”Җв”Җв”ҙв”Җв”Җв”Җв”Җв”Җв”Җв”Җв”Җв”Җв”Җв”Җв”Җв”Җв”Җв”Җв”Җв”Җв”Җв”ҙв”Җв”Җв”Җв”Җв”Җв”Җв”Җв”Җв”Җв”Җв”Җв”Җв”ҙв”Җв”Җв”Җв”ҙв”Җв”Җв”Җв”Җв”Җв”Җв”Җв”Җв”Җв”Җв”Җв”Җв”Җв”Җв”Җв”Җв”Җв”Җв”ҙв”Җв”Җв”Җв”Җв”Җв”Җв”Җв”Җв”Җв”Җв”Җв”Җв”Җв”Җв”Җв”Җв”Җв”ҙв”Җв”Җв”Җв”Җв”Җв”Җв”Җв”Җв”Җв”Җв”Җв”Җв”Җв”Җв”Җв”Җв”Җв”ҙв”Җв”Җв”Җв”Җв”Җв”Җв”Җв”Җв”Җв”Җв”Җв”Җв”Җв”Җв”Җв”Җв”ҳ
2026-04-19 14:52:17 | INFO | P6 | STEP 4. Summarizing system state from monitored signals...
2026-04-19 14:52:17 | INFO | P6 | STEP 4. System summary:
shape: (1, 8)
в”Ңв”Җв”Җв”Җв”Җв”Җв”Җв”Җв”Җв”Җв”Җв”Җв”Җв”Җв”Җв”¬в”Җв”Җв”Җв”Җв”Җв”Җв”Җв”Җв”Җв”Җв”Җв”Җв”¬в”Җв”Җв”Җв”Җв”Җв”Җв”Җв”Җв”Җв”Җв”Җв”Җв”Җв”Җв”Җв”Җв”¬в”Җв”Җв”Җв”Җв”Җв”Җв”Җв”Җв”Җв”Җв”Җв”Җв”Җв”Җв”Җв”Җв”¬в”Җв”Җв”Җв”Җв”Җв”Җв”Җв”Җв”Җв”Җв”Җв”Җв”Җв”Җв”Җв”Җв”¬в”Җв”Җв”Җв”Җв”Җв”Җв”Җв”Җв”Җв”Җв”Җв”Җв”Җв”Җв”Җв”Җв”¬в”Җв”Җв”Җв”Җв”Җв”Җв”Җв”Җв”Җв”Җв”Җв”Җв”Җв”Җв”¬в”Җв”Җв”Җв”Җв”Җв”Җв”Җв”Җв”Җв”Җв”Җв”Җв”Җв”Җв”Җв”Җв”җ
в”Ӯ avg_requests в”Ҷ avg_errors в”Ҷ avg_error_rate в”Ҷ avg_latency_ms в”Ҷ avg_error_rate в”Ҷ avg_latency_zs в”Ҷ system_state в”Ҷ degradation_re в”Ӯ
в”Ӯ ---          в”Ҷ ---        в”Ҷ ---            в”Ҷ ---            в”Ҷ _zscore        в”Ҷ core           в”Ҷ ---          в”Ҷ ason           в”Ӯ
в”Ӯ f64          в”Ҷ f64        в”Ҷ f64            в”Ҷ f64            в”Ҷ ---            в”Ҷ ---            в”Ҷ str          в”Ҷ ---            в”Ӯ
в”Ӯ              в”Ҷ            в”Ҷ                в”Ҷ                в”Ҷ f64            в”Ҷ f64            в”Ҷ              в”Ҷ str            в”Ӯ
в•һв•җв•җв•җв•җв•җв•җв•җв•җв•җв•җв•җв•җв•җв•җв•Әв•җв•җв•җв•җв•җв•җв•җв•җв•җв•җв•җв•җв•Әв•җв•җв•җв•җв•җв•җв•җв•җв•җв•җв•җв•җв•җв•җв•җв•җв•Әв•җв•җв•җв•җв•җв•җв•җв•җв•җв•җв•җв•җв•җв•җв•җв•җв•Әв•җв•җв•җв•җв•җв•җв•җв•җв•җв•җв•җв•җв•җв•җв•җв•җв•Әв•җв•җв•җв•җв•җв•җв•җв•җв•җв•җв•җв•җв•җв•җв•җв•җв•Әв•җв•җв•җв•җв•җв•җв•җв•җв•җв•җв•җв•җв•җв•җв•Әв•җв•җв•җв•җв•җв•җв•җв•җв•җв•җв•җв•җв•җв•җв•җв•җв•Ў
в”Ӯ 157.35       в”Ҷ 4.433      в”Ҷ 0.026          в”Ҷ 33.712         в”Ҷ 0.139          в”Ҷ 0.226          в”Ҷ STABLE       в”Ҷ NONE           в”Ӯ
в””в”Җв”Җв”Җв”Җв”Җв”Җв”Җв”Җв”Җв”Җв”Җв”Җв”Җв”Җв”ҙв”Җв”Җв”Җв”Җв”Җв”Җв”Җв”Җв”Җв”Җв”Җв”Җв”ҙв”Җв”Җв”Җв”Җв”Җв”Җв”Җв”Җв”Җв”Җв”Җв”Җв”Җв”Җв”Җв”Җв”ҙв”Җв”Җв”Җв”Җв”Җв”Җв”Җв”Җв”Җв”Җв”Җв”Җв”Җв”Җв”Җв”Җв”ҙв”Җв”Җв”Җв”Җв”Җв”Җв”Җв”Җв”Җв”Җв”Җв”Җв”Җв”Җв”Җв”Җв”ҙв”Җв”Җв”Җв”Җв”Җв”Җв”Җв”Җв”Җв”Җв”Җв”Җв”Җв”Җв”Җв”Җв”ҙв”Җв”Җв”Җв”Җв”Җв”Җв”Җв”Җв”Җв”Җв”Җв”Җв”Җв”Җв”ҙв”Җв”Җв”Җв”Җв”Җв”Җв”Җв”Җв”Җв”Җв”Җв”Җв”Җв”Җв”Җв”Җв”ҳ
2026-04-19 14:52:17 | INFO | P6 | STEP 4. System assessment completed
2026-04-19 14:52:17 | INFO | P6 | STEP 5. Wrote system assessment file: C:\Repos\cintel-06-continuous-intelligence\artifacts\system_assessment_alex.csv
2026-04-19 14:52:17 | INFO | P6 | ========================
2026-04-19 14:52:17 | INFO | P6 | Pipeline executed successfully!
2026-04-19 14:52:17 | INFO | P6 | ========================
2026-04-19 14:52:17 | INFO | P6 | END main()
